  [1m[35m (2.1ms)[0m  [1m[34mSELECT "schema_migrations"."version" FROM "schema_migrations" ORDER BY "schema_migrations"."version" ASC[0m
  [1m[35m (1.4ms)[0m  [1m[34mSELECT "ar_internal_metadata"."value" FROM "ar_internal_metadata" WHERE "ar_internal_metadata"."key" = $1[0m  [["key", "environment"]]
  [1m[35m (0.3ms)[0m  [1m[34mSELECT "schema_migrations"."version" FROM "schema_migrations" ORDER BY "schema_migrations"."version" ASC[0m
  [1m[35m (0.2ms)[0m  [1m[34mSELECT "ar_internal_metadata"."value" FROM "ar_internal_metadata" WHERE "ar_internal_metadata"."key" = $1[0m  [["key", "environment"]]
  [1m[35m (0.2ms)[0m  [1m[34mSELECT "schema_migrations"."version" FROM "schema_migrations" ORDER BY "schema_migrations"."version" ASC[0m
  [1m[35m (2.9ms)[0m  [1m[34mSELECT "ar_internal_metadata"."value" FROM "ar_internal_metadata" WHERE "ar_internal_metadata"."key" = $1[0m  [["key", "environment"]]
  [1m[35m (5011.4ms)[0m  [1m[35mDROP DATABASE IF EXISTS "gtimembersystem_development"[0m
  [1m[35m (0.2ms)[0m  [1m[34mSELECT pg_try_advisory_lock(1342058643005049270)[0m
  [1m[35m (0.5ms)[0m  [1m[34mSELECT "schema_migrations"."version" FROM "schema_migrations" ORDER BY "schema_migrations"."version" ASC[0m
  [1m[36mActiveRecord::InternalMetadata Load (0.4ms)[0m  [1m[34mSELECT  "ar_internal_metadata".* FROM "ar_internal_metadata" WHERE "ar_internal_metadata"."key" = $1 LIMIT $2[0m  [["key", "environment"], ["LIMIT", 1]]
  [1m[35m (0.2ms)[0m  [1m[35mBEGIN[0m
  [1m[35m (0.2ms)[0m  [1m[35mCOMMIT[0m
  [1m[35m (0.2ms)[0m  [1m[34mSELECT pg_advisory_unlock(1342058643005049270)[0m
  [1m[35m (0.3ms)[0m  [1m[34mSELECT "schema_migrations"."version" FROM "schema_migrations" ORDER BY "schema_migrations"."version" ASC[0m
  [1m[35m (0.9ms)[0m  [1m[34mSELECT "schema_migrations"."version" FROM "schema_migrations" ORDER BY "schema_migrations"."version" ASC[0m
  [1m[35m (0.3ms)[0m  [1m[35mBEGIN[0m
  [1m[36mAdmin Exists (2.7ms)[0m  [1m[34mSELECT  1 AS one FROM "admins" WHERE "admins"."email" = $1 LIMIT $2[0m  [["email", "admin@admin.com"], ["LIMIT", 1]]
  [1m[35m (1.1ms)[0m  [1m[31mROLLBACK[0m
  [1m[35m (0.3ms)[0m  [1m[35mBEGIN[0m
  [1m[36mUser Exists (1.0ms)[0m  [1m[34mSELECT  1 AS one FROM "users" WHERE "users"."email" = $1 LIMIT $2[0m  [["email", "arthur.connelly@auer.name"], ["LIMIT", 1]]
  [1m[35mSQL (2.1ms)[0m  [1m[32mINSERT INTO "users" ("email", "encrypted_password", "created_at", "updated_at", "name", "birth_date", "address", "postal_code", "city", "gender", "phone", "photo", "role") VALUES ($1, $2, $3, $4, $5, $6, $7, $8, $9, $10, $11, $12, $13) RETURNING "id"[0m  [["email", "arthur.connelly@auer.name"], ["encrypted_password", "$2a$11$D78DA2PST6VgEYyO2V5an.Leovuh8qVSdlVhYu1RqgVYUVbPEshVi"], ["created_at", "2018-05-25 14:35:30.386958"], ["updated_at", "2018-05-25 14:35:30.386958"], ["name", "Felipe da Nóbrega"], ["birth_date", "1951-12-08"], ["address", "s/n Rua Gúbio Aparício"], ["postal_code", "92880-672"], ["city", "Alexandre do Norte"], ["gender", "Masculino"], ["phone", "(74) 60720-3881"], ["photo", "0.jpg"], ["role", "Banking Agent"]]
  [1m[35m (3.0ms)[0m  [1m[35mCOMMIT[0m
  [1m[35m (0.3ms)[0m  [1m[35mBEGIN[0m
  [1m[36mUser Exists (0.5ms)[0m  [1m[34mSELECT  1 AS one FROM "users" WHERE "users"."email" = $1 LIMIT $2[0m  [["email", "bria.bauch@gerhold.name"], ["LIMIT", 1]]
  [1m[35mSQL (0.4ms)[0m  [1m[32mINSERT INTO "users" ("email", "encrypted_password", "created_at", "updated_at", "name", "birth_date", "address", "postal_code", "city", "gender", "phone", "photo", "role") VALUES ($1, $2, $3, $4, $5, $6, $7, $8, $9, $10, $11, $12, $13) RETURNING "id"[0m  [["email", "bria.bauch@gerhold.name"], ["encrypted_password", "$2a$11$T0DtkrPF52le1mag2Ujqb..TrCQAS5yKKdnkBL/Di6rYCP2CRRYb2"], ["created_at", "2018-05-25 14:35:30.774415"], ["updated_at", "2018-05-25 14:35:30.774415"], ["name", "Laís Rodrigues Neto"], ["birth_date", "1993-11-12"], ["address", "348 Rodovia Milena Lima"], ["postal_code", "17959-313"], ["city", "Tomás do Sul"], ["gender", "Masculino"], ["phone", "+55 (27) 7912-4411"], ["photo", "2.jpg"], ["role", "Central Healthcare Strategist"]]
  [1m[35m (2.8ms)[0m  [1m[35mCOMMIT[0m
  [1m[35m (0.3ms)[0m  [1m[35mBEGIN[0m
  [1m[36mUser Exists (0.4ms)[0m  [1m[34mSELECT  1 AS one FROM "users" WHERE "users"."email" = $1 LIMIT $2[0m  [["email", "christy_sporer@okeefe.net"], ["LIMIT", 1]]
  [1m[35mSQL (1.1ms)[0m  [1m[32mINSERT INTO "users" ("email", "encrypted_password", "created_at", "updated_at", "name", "birth_date", "address", "postal_code", "city", "gender", "phone", "photo", "role") VALUES ($1, $2, $3, $4, $5, $6, $7, $8, $9, $10, $11, $12, $13) RETURNING "id"[0m  [["email", "christy_sporer@okeefe.net"], ["encrypted_password", "$2a$11$k6Y/biMrilXmDPlxTjpxhOEnXdDkUy.gIbLR8X2L9ypq4OZz9jXw."], ["created_at", "2018-05-25 14:35:31.165838"], ["updated_at", "2018-05-25 14:35:31.165838"], ["name", "Emilly Cabreira"], ["birth_date", "1941-11-25"], ["address", "45521 Alameda Louise Antena"], ["postal_code", "17871-962"], ["city", "Luan do Descoberto"], ["gender", "Masculino"], ["phone", "(88) 71412-5382"], ["photo", "5.jpg"], ["role", "Construction Coordinator"]]
  [1m[35m (3.1ms)[0m  [1m[35mCOMMIT[0m
  [1m[35m (0.3ms)[0m  [1m[35mBEGIN[0m
  [1m[36mUser Exists (0.7ms)[0m  [1m[34mSELECT  1 AS one FROM "users" WHERE "users"."email" = $1 LIMIT $2[0m  [["email", "erich.nitzsche@hellerbashirian.org"], ["LIMIT", 1]]
  [1m[35mSQL (0.5ms)[0m  [1m[32mINSERT INTO "users" ("email", "encrypted_password", "created_at", "updated_at", "name", "birth_date", "address", "postal_code", "city", "gender", "phone", "photo", "role") VALUES ($1, $2, $3, $4, $5, $6, $7, $8, $9, $10, $11, $12, $13) RETURNING "id"[0m  [["email", "erich.nitzsche@hellerbashirian.org"], ["encrypted_password", "$2a$11$ZscF2cq6KBofFNZ3QCmpte1KnlwL/YfONQ3Jc/UiVUcOWiHUE9UA6"], ["created_at", "2018-05-25 14:35:31.576024"], ["updated_at", "2018-05-25 14:35:31.576024"], ["name", "Sra. Rebeca Aguiar"], ["birth_date", "1930-01-12"], ["address", "8759 Marginal Melissa"], ["postal_code", "71601-314"], ["city", "Bittencourt do Norte"], ["gender", "Masculino"], ["phone", "(12) 0095-3771"], ["photo", "7.jpg"], ["role", "Customer Healthcare Director"]]
  [1m[35m (3.2ms)[0m  [1m[35mCOMMIT[0m
  [1m[35m (0.3ms)[0m  [1m[35mBEGIN[0m
  [1m[36mUser Exists (0.5ms)[0m  [1m[34mSELECT  1 AS one FROM "users" WHERE "users"."email" = $1 LIMIT $2[0m  [["email", "beth@conndaugherty.biz"], ["LIMIT", 1]]
  [1m[35mSQL (0.4ms)[0m  [1m[32mINSERT INTO "users" ("email", "encrypted_password", "created_at", "updated_at", "name", "birth_date", "address", "postal_code", "city", "gender", "phone", "photo", "role") VALUES ($1, $2, $3, $4, $5, $6, $7, $8, $9, $10, $11, $12, $13) RETURNING "id"[0m  [["email", "beth@conndaugherty.biz"], ["encrypted_password", "$2a$11$Ka/r99L7v3DGItC90crmLe0p97rDrSblzFhpR37Se0QbNriqCHki."], ["created_at", "2018-05-25 14:35:32.018637"], ["updated_at", "2018-05-25 14:35:32.018637"], ["name", "Sra. Yasmin Dias"], ["birth_date", "1923-04-13"], ["address", "5759 Marginal Heitor"], ["postal_code", "35559-788"], ["city", "Município de Sílvia do Descoberto"], ["gender", "Masculino"], ["phone", "+55 (44) 4477-8722"], ["photo", "2.jpg"], ["role", "Investor IT Producer"]]
  [1m[35m (2.7ms)[0m  [1m[35mCOMMIT[0m
  [1m[35m (0.3ms)[0m  [1m[35mBEGIN[0m
  [1m[36mUser Exists (0.5ms)[0m  [1m[34mSELECT  1 AS one FROM "users" WHERE "users"."email" = $1 LIMIT $2[0m  [["email", "vernie@fadelstroman.biz"], ["LIMIT", 1]]
  [1m[35mSQL (0.4ms)[0m  [1m[32mINSERT INTO "users" ("email", "encrypted_password", "created_at", "updated_at", "name", "birth_date", "address", "postal_code", "city", "gender", "phone", "photo", "role") VALUES ($1, $2, $3, $4, $5, $6, $7, $8, $9, $10, $11, $12, $13) RETURNING "id"[0m  [["email", "vernie@fadelstroman.biz"], ["encrypted_password", "$2a$11$bpi1ziYIuFj1K9CY60DgWO.pXFLoBHu3M8poGJ20hZ3d0g93q3lua"], ["created_at", "2018-05-25 14:35:32.408939"], ["updated_at", "2018-05-25 14:35:32.408939"], ["name", "Márcio Neves"], ["birth_date", "1949-07-25"], ["address", "4948 Marginal Pedro Aroeira"], ["postal_code", "74654-025"], ["city", "Souza de Nossa Senhora"], ["gender", "Feminino"], ["phone", "(91) 54289-4828"], ["photo", "8.jpg"], ["role", "Global Advertising Coordinator"]]
  [1m[35m (2.6ms)[0m  [1m[35mCOMMIT[0m
  [1m[35m (0.2ms)[0m  [1m[35mBEGIN[0m
  [1m[36mUser Exists (0.4ms)[0m  [1m[34mSELECT  1 AS one FROM "users" WHERE "users"."email" = $1 LIMIT $2[0m  [["email", "elian.wilkinson@rowe.net"], ["LIMIT", 1]]
  [1m[35mSQL (112.0ms)[0m  [1m[32mINSERT INTO "users" ("email", "encrypted_password", "created_at", "updated_at", "name", "birth_date", "address", "postal_code", "city", "gender", "phone", "photo", "role") VALUES ($1, $2, $3, $4, $5, $6, $7, $8, $9, $10, $11, $12, $13) RETURNING "id"[0m  [["email", "elian.wilkinson@rowe.net"], ["encrypted_password", "$2a$11$nKBfdAwXffHilVxI1zSN2Ozj3kn.D78U0Bk1BtvlaqjNsISY6qewC"], ["created_at", "2018-05-25 14:35:32.832156"], ["updated_at", "2018-05-25 14:35:32.832156"], ["name", "Dr. Aline Matoso"], ["birth_date", "1978-03-05"], ["address", "915 Rodovia Marcelo"], ["postal_code", "84997-126"], ["city", "Lara do Norte"], ["gender", "Masculino"], ["phone", "(26) 87494-5011"], ["photo", "1.jpg"], ["role", "Accounting Associate"]]
  [1m[35m (2.8ms)[0m  [1m[35mCOMMIT[0m
  [1m[35m (0.3ms)[0m  [1m[35mBEGIN[0m
  [1m[36mUser Exists (1.1ms)[0m  [1m[34mSELECT  1 AS one FROM "users" WHERE "users"."email" = $1 LIMIT $2[0m  [["email", "haskell@turner.info"], ["LIMIT", 1]]
  [1m[35mSQL (0.6ms)[0m  [1m[32mINSERT INTO "users" ("email", "encrypted_password", "created_at", "updated_at", "name", "birth_date", "address", "postal_code", "city", "gender", "phone", "photo", "role") VALUES ($1, $2, $3, $4, $5, $6, $7, $8, $9, $10, $11, $12, $13) RETURNING "id"[0m  [["email", "haskell@turner.info"], ["encrypted_password", "$2a$11$p2FT45gusjo0Kh3rHtfE4OmnzV30.L38HZ9Y6dX9pzUV3LuAc6ZRm"], ["created_at", "2018-05-25 14:35:33.363463"], ["updated_at", "2018-05-25 14:35:33.363463"], ["name", "Samuel Hermingues"], ["birth_date", "1965-09-17"], ["address", "40129 Ponte Heitor"], ["postal_code", "72910-135"], ["city", "Aline de Nossa Senhora"], ["gender", "Feminino"], ["phone", "+55 (46) 9306-7082"], ["photo", "7.jpg"], ["role", "District Accounting Specialist"]]
  [1m[35m (4.9ms)[0m  [1m[35mCOMMIT[0m
  [1m[35m (0.2ms)[0m  [1m[35mBEGIN[0m
  [1m[36mUser Exists (0.5ms)[0m  [1m[34mSELECT  1 AS one FROM "users" WHERE "users"."email" = $1 LIMIT $2[0m  [["email", "esther.kohler@boyerschimmel.net"], ["LIMIT", 1]]
  [1m[35mSQL (0.4ms)[0m  [1m[32mINSERT INTO "users" ("email", "encrypted_password", "created_at", "updated_at", "name", "birth_date", "address", "postal_code", "city", "gender", "phone", "photo", "role") VALUES ($1, $2, $3, $4, $5, $6, $7, $8, $9, $10, $11, $12, $13) RETURNING "id"[0m  [["email", "esther.kohler@boyerschimmel.net"], ["encrypted_password", "$2a$11$/R8Ww0PLllGuNv6ZJt54Mu//RF9xDu5wb0rmx9VQN9ViVVRKTVAVW"], ["created_at", "2018-05-25 14:35:33.767844"], ["updated_at", "2018-05-25 14:35:33.767844"], ["name", "Margarida Albuquerque"], ["birth_date", "1987-10-16"], ["address", "5718 Rodovia Elisa"], ["postal_code", "90445-329"], ["city", "Ribeiro de Nossa Senhora"], ["gender", "Masculino"], ["phone", "+55 (45) 8186-1053"], ["photo", "5.jpg"], ["role", "Global Legal Technician"]]
  [1m[35m (3.2ms)[0m  [1m[35mCOMMIT[0m
  [1m[35m (0.3ms)[0m  [1m[35mBEGIN[0m
  [1m[36mUser Exists (0.5ms)[0m  [1m[34mSELECT  1 AS one FROM "users" WHERE "users"."email" = $1 LIMIT $2[0m  [["email", "viola@leuschke.net"], ["LIMIT", 1]]
  [1m[35mSQL (0.5ms)[0m  [1m[32mINSERT INTO "users" ("email", "encrypted_password", "created_at", "updated_at", "name", "birth_date", "address", "postal_code", "city", "gender", "phone", "photo", "role") VALUES ($1, $2, $3, $4, $5, $6, $7, $8, $9, $10, $11, $12, $13) RETURNING "id"[0m  [["email", "viola@leuschke.net"], ["encrypted_password", "$2a$11$ehsqdXG0T.e2Fq.DVIdHs.Z6qwTfStqsejsm23JQiqBOgXndxmytq"], ["created_at", "2018-05-25 14:35:34.169466"], ["updated_at", "2018-05-25 14:35:34.169466"], ["name", "Srta. Joao Gomide"], ["birth_date", "2005-04-22"], ["address", "s/n Viela Emanuel"], ["postal_code", "32217-573"], ["city", "Grande Lorena do Sul"], ["gender", "Feminino"], ["phone", "+55 (85) 2182-6534"], ["photo", "6.jpg"], ["role", "Chief IT Consultant"]]
  [1m[35m (3.1ms)[0m  [1m[35mCOMMIT[0m
  [1m[35m (0.3ms)[0m  [1m[35mBEGIN[0m
  [1m[36mUser Exists (0.4ms)[0m  [1m[34mSELECT  1 AS one FROM "users" WHERE "users"."email" = $1 LIMIT $2[0m  [["email", "marina@fayheidenreich.name"], ["LIMIT", 1]]
  [1m[35mSQL (0.4ms)[0m  [1m[32mINSERT INTO "users" ("email", "encrypted_password", "created_at", "updated_at", "name", "birth_date", "address", "postal_code", "city", "gender", "phone", "photo", "role") VALUES ($1, $2, $3, $4, $5, $6, $7, $8, $9, $10, $11, $12, $13) RETURNING "id"[0m  [["email", "marina@fayheidenreich.name"], ["encrypted_password", "$2a$11$u6G0eXUUqBt8XYsN02LNa.xJgYgDQJshrmGQdQkx33dnHq9CdING6"], ["created_at", "2018-05-25 14:35:34.616173"], ["updated_at", "2018-05-25 14:35:34.616173"], ["name", "Fábio Leiria"], ["birth_date", "2009-10-24"], ["address", "832 Viela Suélen"], ["postal_code", "43784-105"], ["city", "Aguiar do Descoberto"], ["gender", "Masculino"], ["phone", "(70) 1432-8310"], ["photo", "0.jpg"], ["role", "International Analyst"]]
  [1m[35m (3.1ms)[0m  [1m[35mCOMMIT[0m
  [1m[35m (0.3ms)[0m  [1m[35mBEGIN[0m
  [1m[36mUser Exists (0.6ms)[0m  [1m[34mSELECT  1 AS one FROM "users" WHERE "users"."email" = $1 LIMIT $2[0m  [["email", "benton@donnellybartoletti.io"], ["LIMIT", 1]]
  [1m[35mSQL (0.4ms)[0m  [1m[32mINSERT INTO "users" ("email", "encrypted_password", "created_at", "updated_at", "name", "birth_date", "address", "postal_code", "city", "gender", "phone", "photo", "role") VALUES ($1, $2, $3, $4, $5, $6, $7, $8, $9, $10, $11, $12, $13) RETURNING "id"[0m  [["email", "benton@donnellybartoletti.io"], ["encrypted_password", "$2a$11$qUY9R38u/cdvB0SnvIe/wOQ6ciXdGCCAb1/0F.5ucBkYUjZtG2rxK"], ["created_at", "2018-05-25 14:35:35.031940"], ["updated_at", "2018-05-25 14:35:35.031940"], ["name", "Sr. Ladislau Neves"], ["birth_date", "1952-06-24"], ["address", "s/n Marginal Lívia da Gama"], ["postal_code", "36795-326"], ["city", "Nova Ana Júlia de Nossa Senhora"], ["gender", "Feminino"], ["phone", "(46) 5696-6381"], ["photo", "2.jpg"], ["role", "District Design Associate"]]
  [1m[35m (3.0ms)[0m  [1m[35mCOMMIT[0m
  [1m[35m (0.3ms)[0m  [1m[35mBEGIN[0m
  [1m[36mUser Exists (0.4ms)[0m  [1m[34mSELECT  1 AS one FROM "users" WHERE "users"."email" = $1 LIMIT $2[0m  [["email", "marlin.bruen@cremin.name"], ["LIMIT", 1]]
  [1m[35mSQL (0.5ms)[0m  [1m[32mINSERT INTO "users" ("email", "encrypted_password", "created_at", "updated_at", "name", "birth_date", "address", "postal_code", "city", "gender", "phone", "photo", "role") VALUES ($1, $2, $3, $4, $5, $6, $7, $8, $9, $10, $11, $12, $13) RETURNING "id"[0m  [["email", "marlin.bruen@cremin.name"], ["encrypted_password", "$2a$11$1c6rB5kTf1zKjL.eTe2x8.sMxreGbGI2wsjH6k3VSxqfSAd0LsgmC"], ["created_at", "2018-05-25 14:35:35.399983"], ["updated_at", "2018-05-25 14:35:35.399983"], ["name", "Breno Nascimento"], ["birth_date", "1982-11-20"], ["address", "913 Avenida Luiz Duarte"], ["postal_code", "23903-591"], ["city", "Vila Bento do Sul"], ["gender", "Masculino"], ["phone", "(27) 91370-4258"], ["photo", "5.jpg"], ["role", "Senior Healthcare Developer"]]
  [1m[35m (3.2ms)[0m  [1m[35mCOMMIT[0m
  [1m[35m (0.3ms)[0m  [1m[35mBEGIN[0m
  [1m[36mUser Exists (0.6ms)[0m  [1m[34mSELECT  1 AS one FROM "users" WHERE "users"."email" = $1 LIMIT $2[0m  [["email", "delilah@kingbeer.net"], ["LIMIT", 1]]
  [1m[35mSQL (0.5ms)[0m  [1m[32mINSERT INTO "users" ("email", "encrypted_password", "created_at", "updated_at", "name", "birth_date", "address", "postal_code", "city", "gender", "phone", "photo", "role") VALUES ($1, $2, $3, $4, $5, $6, $7, $8, $9, $10, $11, $12, $13) RETURNING "id"[0m  [["email", "delilah@kingbeer.net"], ["encrypted_password", "$2a$11$7yeRxYMeYovvfkxeoBpCUOa0/EMGQ5LpNe3DTyHWZHEOE58s6kJJy"], ["created_at", "2018-05-25 14:35:35.821701"], ["updated_at", "2018-05-25 14:35:35.821701"], ["name", "Carolina Rezende Neto"], ["birth_date", "1973-01-18"], ["address", "s/n Marginal Tomás"], ["postal_code", "34417-973"], ["city", "Vila Camila do Norte"], ["gender", "Masculino"], ["phone", "(87) 93534-5193"], ["photo", "4.jpg"], ["role", "Chief Consulting Developer"]]
  [1m[35m (3.5ms)[0m  [1m[35mCOMMIT[0m
  [1m[35m (0.3ms)[0m  [1m[35mBEGIN[0m
  [1m[36mUser Exists (0.5ms)[0m  [1m[34mSELECT  1 AS one FROM "users" WHERE "users"."email" = $1 LIMIT $2[0m  [["email", "cloyd@parker.net"], ["LIMIT", 1]]
  [1m[35mSQL (0.6ms)[0m  [1m[32mINSERT INTO "users" ("email", "encrypted_password", "created_at", "updated_at", "name", "birth_date", "address", "postal_code", "city", "gender", "phone", "photo", "role") VALUES ($1, $2, $3, $4, $5, $6, $7, $8, $9, $10, $11, $12, $13) RETURNING "id"[0m  [["email", "cloyd@parker.net"], ["encrypted_password", "$2a$11$xWMwR/69SevNP4Q0bFon8O6su.zKHfp40ILmXqQweKhP5SnP4ILlW"], ["created_at", "2018-05-25 14:35:36.205142"], ["updated_at", "2018-05-25 14:35:36.205142"], ["name", "Ruan Paes"], ["birth_date", "2003-10-01"], ["address", "27535 Rua Enzo Gabriel da Aldeia"], ["postal_code", "89718-901"], ["city", "Vila Otávio do Norte"], ["gender", "Masculino"], ["phone", "(38) 5450-0953"], ["photo", "7.jpg"], ["role", "International IT Orchestrator"]]
  [1m[35m (3.2ms)[0m  [1m[35mCOMMIT[0m
  [1m[35m (0.2ms)[0m  [1m[35mBEGIN[0m
  [1m[36mUser Exists (0.4ms)[0m  [1m[34mSELECT  1 AS one FROM "users" WHERE "users"."email" = $1 LIMIT $2[0m  [["email", "dock.orn@barton.org"], ["LIMIT", 1]]
  [1m[35mSQL (0.4ms)[0m  [1m[32mINSERT INTO "users" ("email", "encrypted_password", "created_at", "updated_at", "name", "birth_date", "address", "postal_code", "city", "gender", "phone", "photo", "role") VALUES ($1, $2, $3, $4, $5, $6, $7, $8, $9, $10, $11, $12, $13) RETURNING "id"[0m  [["email", "dock.orn@barton.org"], ["encrypted_password", "$2a$11$zgeCOSnFVxJjv8HNMHbW3.pP.mTFu5oOp8i5eIDy4WVJDzPNPfhXG"], ["created_at", "2018-05-25 14:35:36.756838"], ["updated_at", "2018-05-25 14:35:36.756838"], ["name", "Luiz Otávio Videira"], ["birth_date", "1924-07-22"], ["address", "3778 Travessa Suélen"], ["postal_code", "89226-889"], ["city", "Vila Joaquim do Sul"], ["gender", "Feminino"], ["phone", "(27) 4305-3635"], ["photo", "3.jpg"], ["role", "Education Engineer"]]
  [1m[35m (3.0ms)[0m  [1m[35mCOMMIT[0m
  [1m[35m (0.4ms)[0m  [1m[35mBEGIN[0m
  [1m[36mUser Exists (0.5ms)[0m  [1m[34mSELECT  1 AS one FROM "users" WHERE "users"."email" = $1 LIMIT $2[0m  [["email", "don@wittingframi.biz"], ["LIMIT", 1]]
  [1m[35mSQL (0.3ms)[0m  [1m[32mINSERT INTO "users" ("email", "encrypted_password", "created_at", "updated_at", "name", "birth_date", "address", "postal_code", "city", "gender", "phone", "photo", "role") VALUES ($1, $2, $3, $4, $5, $6, $7, $8, $9, $10, $11, $12, $13) RETURNING "id"[0m  [["email", "don@wittingframi.biz"], ["encrypted_password", "$2a$11$JLYVqqLGyniRWJrnylOYF.7VhG7OvCKhTJGUwWQiaykxTW.3Lql8q"], ["created_at", "2018-05-25 14:35:37.247287"], ["updated_at", "2018-05-25 14:35:37.247287"], ["name", "Breno Quarteira"], ["birth_date", "1942-09-14"], ["address", "897 Rua Yago"], ["postal_code", "85176-370"], ["city", "Macieira do Norte"], ["gender", "Feminino"], ["phone", "+55 (35) 2695-6929"], ["photo", "3.jpg"], ["role", "Government Director"]]
  [1m[35m (2.9ms)[0m  [1m[35mCOMMIT[0m
  [1m[35m (0.3ms)[0m  [1m[35mBEGIN[0m
  [1m[36mUser Exists (0.5ms)[0m  [1m[34mSELECT  1 AS one FROM "users" WHERE "users"."email" = $1 LIMIT $2[0m  [["email", "joanie@zboncak.name"], ["LIMIT", 1]]
  [1m[35mSQL (0.4ms)[0m  [1m[32mINSERT INTO "users" ("email", "encrypted_password", "created_at", "updated_at", "name", "birth_date", "address", "postal_code", "city", "gender", "phone", "photo", "role") VALUES ($1, $2, $3, $4, $5, $6, $7, $8, $9, $10, $11, $12, $13) RETURNING "id"[0m  [["email", "joanie@zboncak.name"], ["encrypted_password", "$2a$11$Wn6k8/h/74YLJMmOcCV6C.sbZ7GKsoMF8zkc7PcLdbu4TtRfLgSQq"], ["created_at", "2018-05-25 14:35:37.755921"], ["updated_at", "2018-05-25 14:35:37.755921"], ["name", "Sra. Laís Videira"], ["birth_date", "1974-01-01"], ["address", "543 Viela Heitor"], ["postal_code", "27270-853"], ["city", "Vila Yasmin do Sul"], ["gender", "Feminino"], ["phone", "(32) 6806-1267"], ["photo", "8.jpg"], ["role", "Advertising Agent"]]
  [1m[35m (2.9ms)[0m  [1m[35mCOMMIT[0m
  [1m[35m (0.3ms)[0m  [1m[35mBEGIN[0m
  [1m[36mUser Exists (0.4ms)[0m  [1m[34mSELECT  1 AS one FROM "users" WHERE "users"."email" = $1 LIMIT $2[0m  [["email", "bryon@bednar.io"], ["LIMIT", 1]]
  [1m[35mSQL (0.4ms)[0m  [1m[32mINSERT INTO "users" ("email", "encrypted_password", "created_at", "updated_at", "name", "birth_date", "address", "postal_code", "city", "gender", "phone", "photo", "role") VALUES ($1, $2, $3, $4, $5, $6, $7, $8, $9, $10, $11, $12, $13) RETURNING "id"[0m  [["email", "bryon@bednar.io"], ["encrypted_password", "$2a$11$meAFC2qgK9P4.mhewwS1I.ougrVSWue3LLRF1jqFuh4/.cK2S3Wei"], ["created_at", "2018-05-25 14:35:38.191821"], ["updated_at", "2018-05-25 14:35:38.191821"], ["name", "Henrique Costa"], ["birth_date", "2016-01-28"], ["address", "908 Alameda Yango"], ["postal_code", "95112-739"], ["city", "Nova Francisca"], ["gender", "Masculino"], ["phone", "(18) 5191-2628"], ["photo", "4.jpg"], ["role", "Chief Strategist"]]
  [1m[35m (3.1ms)[0m  [1m[35mCOMMIT[0m
  [1m[35m (0.3ms)[0m  [1m[35mBEGIN[0m
  [1m[36mUser Exists (0.5ms)[0m  [1m[34mSELECT  1 AS one FROM "users" WHERE "users"."email" = $1 LIMIT $2[0m  [["email", "edwin@kemmerkrajcik.info"], ["LIMIT", 1]]
  [1m[35mSQL (0.5ms)[0m  [1m[32mINSERT INTO "users" ("email", "encrypted_password", "created_at", "updated_at", "name", "birth_date", "address", "postal_code", "city", "gender", "phone", "photo", "role") VALUES ($1, $2, $3, $4, $5, $6, $7, $8, $9, $10, $11, $12, $13) RETURNING "id"[0m  [["email", "edwin@kemmerkrajcik.info"], ["encrypted_password", "$2a$11$FdJlQPKr.qCu8MGeSWODpu3BBzvDMJ6qjkR6eMWDcCd4XjfjqG/re"], ["created_at", "2018-05-25 14:35:38.594468"], ["updated_at", "2018-05-25 14:35:38.594468"], ["name", "Francisco Monteiro"], ["birth_date", "1945-05-16"], ["address", "7093 Alameda Liz"], ["postal_code", "65199-496"], ["city", "Bittencourt do Norte"], ["gender", "Masculino"], ["phone", "+55 (82) 4506-6249"], ["photo", "4.jpg"], ["role", "Forward Consultant"]]
  [1m[35m (3.1ms)[0m  [1m[35mCOMMIT[0m
  [1m[35m (0.3ms)[0m  [1m[35mBEGIN[0m
  [1m[36mUser Exists (0.6ms)[0m  [1m[34mSELECT  1 AS one FROM "users" WHERE "users"."email" = $1 LIMIT $2[0m  [["email", "valentine.tillman@mosciski.com"], ["LIMIT", 1]]
  [1m[35mSQL (0.5ms)[0m  [1m[32mINSERT INTO "users" ("email", "encrypted_password", "created_at", "updated_at", "name", "birth_date", "address", "postal_code", "city", "gender", "phone", "photo", "role") VALUES ($1, $2, $3, $4, $5, $6, $7, $8, $9, $10, $11, $12, $13) RETURNING "id"[0m  [["email", "valentine.tillman@mosciski.com"], ["encrypted_password", "$2a$11$HhEbw6zoCc5hB026E1sc/uFdW89OTC2dqyOauxqOhXQJR3aVBbdnC"], ["created_at", "2018-05-25 14:35:39.031811"], ["updated_at", "2018-05-25 14:35:39.031811"], ["name", "Hélio Bonfim"], ["birth_date", "1957-02-09"], ["address", "s/n Avenida Liz da Fronteira"], ["postal_code", "92458-092"], ["city", "Grande Luiza"], ["gender", "Masculino"], ["phone", "+55 (31) 4797-0120"], ["photo", "8.jpg"], ["role", "Retail Officer"]]
  [1m[35m (3.3ms)[0m  [1m[35mCOMMIT[0m
  [1m[35m (0.3ms)[0m  [1m[35mBEGIN[0m
  [1m[36mUser Exists (0.4ms)[0m  [1m[34mSELECT  1 AS one FROM "users" WHERE "users"."email" = $1 LIMIT $2[0m  [["email", "ulices@little.org"], ["LIMIT", 1]]
  [1m[35mSQL (0.4ms)[0m  [1m[32mINSERT INTO "users" ("email", "encrypted_password", "created_at", "updated_at", "name", "birth_date", "address", "postal_code", "city", "gender", "phone", "photo", "role") VALUES ($1, $2, $3, $4, $5, $6, $7, $8, $9, $10, $11, $12, $13) RETURNING "id"[0m  [["email", "ulices@little.org"], ["encrypted_password", "$2a$11$Nmr5CTrTcMnPj2m2bp08u.2z78upz2DH2yEMTtpfjR/dvur4XzPwy"], ["created_at", "2018-05-25 14:35:39.407751"], ["updated_at", "2018-05-25 14:35:39.407751"], ["name", "Hélio Ramos"], ["birth_date", "2010-08-03"], ["address", "762 Avenida Oliver Garcês"], ["postal_code", "28203-386"], ["city", "Município de Ana Sophia"], ["gender", "Feminino"], ["phone", "+55 (40) 1846-2199"], ["photo", "5.jpg"], ["role", "Marketing Analyst"]]
  [1m[35m (3.4ms)[0m  [1m[35mCOMMIT[0m
  [1m[35m (0.3ms)[0m  [1m[35mBEGIN[0m
  [1m[36mUser Exists (0.4ms)[0m  [1m[34mSELECT  1 AS one FROM "users" WHERE "users"."email" = $1 LIMIT $2[0m  [["email", "genoveva@heidenreich.name"], ["LIMIT", 1]]
  [1m[35mSQL (4.6ms)[0m  [1m[32mINSERT INTO "users" ("email", "encrypted_password", "created_at", "updated_at", "name", "birth_date", "address", "postal_code", "city", "gender", "phone", "photo", "role") VALUES ($1, $2, $3, $4, $5, $6, $7, $8, $9, $10, $11, $12, $13) RETURNING "id"[0m  [["email", "genoveva@heidenreich.name"], ["encrypted_password", "$2a$11$R1r.QPy4qYtR0Oy5OBTPrOI6qACRT3wXvkYTdkWCvY/Lt6OmfCYze"], ["created_at", "2018-05-25 14:35:39.834799"], ["updated_at", "2018-05-25 14:35:39.834799"], ["name", "Frederico Resende"], ["birth_date", "2005-12-23"], ["address", "81279 Avenida Guilherme"], ["postal_code", "61352-477"], ["city", "Amoreira do Norte"], ["gender", "Masculino"], ["phone", "+55 (52) 6752-9633"], ["photo", "0.jpg"], ["role", "Regional Marketing Facilitator"]]
  [1m[35m (3.2ms)[0m  [1m[35mCOMMIT[0m
  [1m[35m (0.2ms)[0m  [1m[35mBEGIN[0m
  [1m[36mUser Exists (0.4ms)[0m  [1m[34mSELECT  1 AS one FROM "users" WHERE "users"."email" = $1 LIMIT $2[0m  [["email", "nicolas@huel.info"], ["LIMIT", 1]]
  [1m[35mSQL (1.6ms)[0m  [1m[32mINSERT INTO "users" ("email", "encrypted_password", "created_at", "updated_at", "name", "birth_date", "address", "postal_code", "city", "gender", "phone", "photo", "role") VALUES ($1, $2, $3, $4, $5, $6, $7, $8, $9, $10, $11, $12, $13) RETURNING "id"[0m  [["email", "nicolas@huel.info"], ["encrypted_password", "$2a$11$BcwKiGeqEjYuW6N3pbD7EukjMKzXjS8OfbEDAwaL1MD.d2ap//mQm"], ["created_at", "2018-05-25 14:35:40.351578"], ["updated_at", "2018-05-25 14:35:40.351578"], ["name", "Clara Novaes"], ["birth_date", "1921-01-24"], ["address", "4577 Alameda Maria Eduarda"], ["postal_code", "96200-653"], ["city", "Otávio do Sul"], ["gender", "Feminino"], ["phone", "(43) 2088-4898"], ["photo", "4.jpg"], ["role", "Forward Executive"]]
  [1m[35m (3.2ms)[0m  [1m[35mCOMMIT[0m
  [1m[35m (0.3ms)[0m  [1m[35mBEGIN[0m
  [1m[36mUser Exists (0.5ms)[0m  [1m[34mSELECT  1 AS one FROM "users" WHERE "users"."email" = $1 LIMIT $2[0m  [["email", "aurelia@collierschoen.com"], ["LIMIT", 1]]
  [1m[35mSQL (0.3ms)[0m  [1m[32mINSERT INTO "users" ("email", "encrypted_password", "created_at", "updated_at", "name", "birth_date", "address", "postal_code", "city", "gender", "phone", "photo", "role") VALUES ($1, $2, $3, $4, $5, $6, $7, $8, $9, $10, $11, $12, $13) RETURNING "id"[0m  [["email", "aurelia@collierschoen.com"], ["encrypted_password", "$2a$11$WzVjk04YivKNIJQ/CKxiQuvCAP27dg9qXTUfW1eiQXwWXm3OchaGO"], ["created_at", "2018-05-25 14:35:40.765384"], ["updated_at", "2018-05-25 14:35:40.765384"], ["name", "Pedro Macieira"], ["birth_date", "1972-03-20"], ["address", "s/n Avenida Margarida"], ["postal_code", "64174-143"], ["city", "Dorneles do Descoberto"], ["gender", "Feminino"], ["phone", "+55 (59) 0863-2160"], ["photo", "4.jpg"], ["role", "Real-Estate Agent"]]
  [1m[35m (3.2ms)[0m  [1m[35mCOMMIT[0m
  [1m[35m (0.2ms)[0m  [1m[35mBEGIN[0m
  [1m[36mUser Exists (0.4ms)[0m  [1m[34mSELECT  1 AS one FROM "users" WHERE "users"."email" = $1 LIMIT $2[0m  [["email", "angie_batz@funk.co"], ["LIMIT", 1]]
  [1m[35mSQL (0.4ms)[0m  [1m[32mINSERT INTO "users" ("email", "encrypted_password", "created_at", "updated_at", "name", "birth_date", "address", "postal_code", "city", "gender", "phone", "photo", "role") VALUES ($1, $2, $3, $4, $5, $6, $7, $8, $9, $10, $11, $12, $13) RETURNING "id"[0m  [["email", "angie_batz@funk.co"], ["encrypted_password", "$2a$11$9Z6zMHWKnnUHdeFSNVyGnu/reVs9wOiEwDqxwm.LY7Zd3DlPcFhr2"], ["created_at", "2018-05-25 14:35:41.214574"], ["updated_at", "2018-05-25 14:35:41.214574"], ["name", "Vitor Hugo Mendanha"], ["birth_date", "1934-10-11"], ["address", "s/n Avenida Aline"], ["postal_code", "15202-806"], ["city", "Velha Sílvia"], ["gender", "Masculino"], ["phone", "+55 (51) 2551-3151"], ["photo", "1.jpg"], ["role", "Forward Orchestrator"]]
  [1m[35m (2.9ms)[0m  [1m[35mCOMMIT[0m
  [1m[35m (0.3ms)[0m  [1m[35mBEGIN[0m
  [1m[36mUser Exists (0.4ms)[0m  [1m[34mSELECT  1 AS one FROM "users" WHERE "users"."email" = $1 LIMIT $2[0m  [["email", "deie@oconner.net"], ["LIMIT", 1]]
  [1m[35mSQL (105.6ms)[0m  [1m[32mINSERT INTO "users" ("email", "encrypted_password", "created_at", "updated_at", "name", "birth_date", "address", "postal_code", "city", "gender", "phone", "photo", "role") VALUES ($1, $2, $3, $4, $5, $6, $7, $8, $9, $10, $11, $12, $13) RETURNING "id"[0m  [["email", "deie@oconner.net"], ["encrypted_password", "$2a$11$UTrsVVqZKK6.2SsdYBG66.bBRwixSjEOpBjS7GRPAAXy.ZsGfLiIe"], ["created_at", "2018-05-25 14:35:41.638458"], ["updated_at", "2018-05-25 14:35:41.638458"], ["name", "Mércia Hermingues"], ["birth_date", "1942-06-11"], ["address", "s/n Avenida Hélio"], ["postal_code", "24078-557"], ["city", "Município de Antonia"], ["gender", "Masculino"], ["phone", "(82) 1250-8026"], ["photo", "1.jpg"], ["role", "Technology Manager"]]
  [1m[35m (3.4ms)[0m  [1m[35mCOMMIT[0m
  [1m[35m (0.2ms)[0m  [1m[35mBEGIN[0m
  [1m[36mUser Exists (0.5ms)[0m  [1m[34mSELECT  1 AS one FROM "users" WHERE "users"."email" = $1 LIMIT $2[0m  [["email", "malvina@torphy.org"], ["LIMIT", 1]]
  [1m[35mSQL (1.5ms)[0m  [1m[32mINSERT INTO "users" ("email", "encrypted_password", "created_at", "updated_at", "name", "birth_date", "address", "postal_code", "city", "gender", "phone", "photo", "role") VALUES ($1, $2, $3, $4, $5, $6, $7, $8, $9, $10, $11, $12, $13) RETURNING "id"[0m  [["email", "malvina@torphy.org"], ["encrypted_password", "$2a$11$T0NqPZn5GoSLWVKt.4PmceIWC/XTSsTa.jxlBqIlSUOApW84JF1cy"], ["created_at", "2018-05-25 14:35:42.066150"], ["updated_at", "2018-05-25 14:35:42.066150"], ["name", "Ana Laura Henriques"], ["birth_date", "2004-08-30"], ["address", "s/n Avenida Heloísa de Oliveira"], ["postal_code", "91696-240"], ["city", "Velha Meire de Nossa Senhora"], ["gender", "Masculino"], ["phone", "(17) 2230-1020"], ["photo", "5.jpg"], ["role", "Global Mining Engineer"]]
  [1m[35m (3.7ms)[0m  [1m[35mCOMMIT[0m
  [1m[35m (0.3ms)[0m  [1m[35mBEGIN[0m
  [1m[36mUser Exists (0.4ms)[0m  [1m[34mSELECT  1 AS one FROM "users" WHERE "users"."email" = $1 LIMIT $2[0m  [["email", "horacio.morar@kuhicveum.org"], ["LIMIT", 1]]
  [1m[35mSQL (0.4ms)[0m  [1m[32mINSERT INTO "users" ("email", "encrypted_password", "created_at", "updated_at", "name", "birth_date", "address", "postal_code", "city", "gender", "phone", "photo", "role") VALUES ($1, $2, $3, $4, $5, $6, $7, $8, $9, $10, $11, $12, $13) RETURNING "id"[0m  [["email", "horacio.morar@kuhicveum.org"], ["encrypted_password", "$2a$11$JksEJucoDp0N0Ew.JNVIi.wU9j2H6EoJt8sHV0d7BfcEPm2IJ0jXW"], ["created_at", "2018-05-25 14:35:42.457850"], ["updated_at", "2018-05-25 14:35:42.457850"], ["name", "Ayla Monteiro"], ["birth_date", "2004-12-14"], ["address", "11114 Ponte Davi Peixoto"], ["postal_code", "89732-985"], ["city", "Grande Paulo do Norte"], ["gender", "Masculino"], ["phone", "(37) 7493-9754"], ["photo", "5.jpg"], ["role", "Forward Director"]]
  [1m[35m (5.2ms)[0m  [1m[35mCOMMIT[0m
  [1m[35m (0.2ms)[0m  [1m[35mBEGIN[0m
  [1m[36mUser Exists (0.5ms)[0m  [1m[34mSELECT  1 AS one FROM "users" WHERE "users"."email" = $1 LIMIT $2[0m  [["email", "ottilie.rogahn@naderroberts.net"], ["LIMIT", 1]]
  [1m[35mSQL (0.5ms)[0m  [1m[32mINSERT INTO "users" ("email", "encrypted_password", "created_at", "updated_at", "name", "birth_date", "address", "postal_code", "city", "gender", "phone", "photo", "role") VALUES ($1, $2, $3, $4, $5, $6, $7, $8, $9, $10, $11, $12, $13) RETURNING "id"[0m  [["email", "ottilie.rogahn@naderroberts.net"], ["encrypted_password", "$2a$11$ioobEtbhO.kWpFPI88xb0ujl9akUnypYGy6g/eurANp9J/xZ2hEaW"], ["created_at", "2018-05-25 14:35:42.864605"], ["updated_at", "2018-05-25 14:35:42.864605"], ["name", "João Lucas Rameira"], ["birth_date", "1979-11-02"], ["address", "s/n Avenida Sílvia da Cunha"], ["postal_code", "79146-512"], ["city", "Velha Noah"], ["gender", "Masculino"], ["phone", "(15) 3496-9643"], ["photo", "5.jpg"], ["role", "Marketing Technician"]]
  [1m[35m (3.3ms)[0m  [1m[35mCOMMIT[0m
  [1m[35m (0.3ms)[0m  [1m[35mBEGIN[0m
  [1m[36mUser Exists (0.4ms)[0m  [1m[34mSELECT  1 AS one FROM "users" WHERE "users"."email" = $1 LIMIT $2[0m  [["email", "talon@dooleynader.net"], ["LIMIT", 1]]
  [1m[35mSQL (0.4ms)[0m  [1m[32mINSERT INTO "users" ("email", "encrypted_password", "created_at", "updated_at", "name", "birth_date", "address", "postal_code", "city", "gender", "phone", "photo", "role") VALUES ($1, $2, $3, $4, $5, $6, $7, $8, $9, $10, $11, $12, $13) RETURNING "id"[0m  [["email", "talon@dooleynader.net"], ["encrypted_password", "$2a$11$b3HqeyaHADRWwLQh8OKjPu6ntSSjQKRfKXDV4BztRYzwM3yMBfWZm"], ["created_at", "2018-05-25 14:35:43.362763"], ["updated_at", "2018-05-25 14:35:43.362763"], ["name", "João Pedro Bernardes"], ["birth_date", "2004-01-20"], ["address", "2326 Ponte Maria Alice"], ["postal_code", "12376-971"], ["city", "Martim de Nossa Senhora"], ["gender", "Masculino"], ["phone", "+55 (52) 4179-2386"], ["photo", "4.jpg"], ["role", "Dynamic Director"]]
  [1m[35m (3.0ms)[0m  [1m[35mCOMMIT[0m
  [1m[35m (0.3ms)[0m  [1m[35mBEGIN[0m
  [1m[36mUser Exists (0.4ms)[0m  [1m[34mSELECT  1 AS one FROM "users" WHERE "users"."email" = $1 LIMIT $2[0m  [["email", "arch@heller.biz"], ["LIMIT", 1]]
  [1m[35mSQL (0.4ms)[0m  [1m[32mINSERT INTO "users" ("email", "encrypted_password", "created_at", "updated_at", "name", "birth_date", "address", "postal_code", "city", "gender", "phone", "photo", "role") VALUES ($1, $2, $3, $4, $5, $6, $7, $8, $9, $10, $11, $12, $13) RETURNING "id"[0m  [["email", "arch@heller.biz"], ["encrypted_password", "$2a$11$wSFBw2mkvsEYP19RSrtjV.Gtok.Y4arKAaMYKy7maFZogG3tgYzOG"], ["created_at", "2018-05-25 14:35:43.970586"], ["updated_at", "2018-05-25 14:35:43.970586"], ["name", "Lívia Bulhões"], ["birth_date", "1920-12-17"], ["address", "5574 Rodovia Tomás Dorneles"], ["postal_code", "62493-933"], ["city", "Sanches do Sul"], ["gender", "Masculino"], ["phone", "(67) 9699-2807"], ["photo", "3.jpg"], ["role", "Community-Services Coordinator"]]
  [1m[35m (9.2ms)[0m  [1m[35mCOMMIT[0m
  [1m[35m (0.3ms)[0m  [1m[35mBEGIN[0m
  [1m[36mUser Exists (0.4ms)[0m  [1m[34mSELECT  1 AS one FROM "users" WHERE "users"."email" = $1 LIMIT $2[0m  [["email", "lavinia@schmeler.com"], ["LIMIT", 1]]
  [1m[35mSQL (0.4ms)[0m  [1m[32mINSERT INTO "users" ("email", "encrypted_password", "created_at", "updated_at", "name", "birth_date", "address", "postal_code", "city", "gender", "phone", "photo", "role") VALUES ($1, $2, $3, $4, $5, $6, $7, $8, $9, $10, $11, $12, $13) RETURNING "id"[0m  [["email", "lavinia@schmeler.com"], ["encrypted_password", "$2a$11$VQEp/CPZHd34eztB6CIQHO7MpLqO1mywKaSFu.stn8GiXhLp2ny1i"], ["created_at", "2018-05-25 14:35:44.379836"], ["updated_at", "2018-05-25 14:35:44.379836"], ["name", "Luan Datena"], ["birth_date", "2014-03-16"], ["address", "s/n Alameda Daniel Marcondes"], ["postal_code", "11371-662"], ["city", "Município de Elísio"], ["gender", "Masculino"], ["phone", "(45) 78167-8768"], ["photo", "5.jpg"], ["role", "Design Administrator"]]
  [1m[35m (3.5ms)[0m  [1m[35mCOMMIT[0m
  [1m[35m (0.3ms)[0m  [1m[35mBEGIN[0m
  [1m[36mUser Exists (0.5ms)[0m  [1m[34mSELECT  1 AS one FROM "users" WHERE "users"."email" = $1 LIMIT $2[0m  [["email", "alfredo_connelly@herzog.io"], ["LIMIT", 1]]
  [1m[35mSQL (0.5ms)[0m  [1m[32mINSERT INTO "users" ("email", "encrypted_password", "created_at", "updated_at", "name", "birth_date", "address", "postal_code", "city", "gender", "phone", "photo", "role") VALUES ($1, $2, $3, $4, $5, $6, $7, $8, $9, $10, $11, $12, $13) RETURNING "id"[0m  [["email", "alfredo_connelly@herzog.io"], ["encrypted_password", "$2a$11$17k0fO4RHRJWc77WJALp6OL0O5yoPdUd.Gt3KfnZsaK3.QcE8hFhq"], ["created_at", "2018-05-25 14:35:44.816832"], ["updated_at", "2018-05-25 14:35:44.816832"], ["name", "Sra. Lavínia da Aldeia"], ["birth_date", "1997-08-20"], ["address", "6571 Rodovia Juliana"], ["postal_code", "47875-699"], ["city", "Vila Giulia de Nossa Senhora"], ["gender", "Masculino"], ["phone", "+55 (54) 3270-4269"], ["photo", "8.jpg"], ["role", "Healthcare Assistant"]]
  [1m[35m (3.3ms)[0m  [1m[35mCOMMIT[0m
  [1m[35m (0.3ms)[0m  [1m[35mBEGIN[0m
  [1m[36mUser Exists (0.5ms)[0m  [1m[34mSELECT  1 AS one FROM "users" WHERE "users"."email" = $1 LIMIT $2[0m  [["email", "tyree.greenholt@ohara.io"], ["LIMIT", 1]]
  [1m[35mSQL (0.5ms)[0m  [1m[32mINSERT INTO "users" ("email", "encrypted_password", "created_at", "updated_at", "name", "birth_date", "address", "postal_code", "city", "gender", "phone", "photo", "role") VALUES ($1, $2, $3, $4, $5, $6, $7, $8, $9, $10, $11, $12, $13) RETURNING "id"[0m  [["email", "tyree.greenholt@ohara.io"], ["encrypted_password", "$2a$11$W60ZwCSsl8fJh6wIqjSLUunUAOYQPX4M5IsaCmELR3fTCIQEk6O52"], ["created_at", "2018-05-25 14:35:45.392183"], ["updated_at", "2018-05-25 14:35:45.392183"], ["name", "Isabel Paes"], ["birth_date", "1934-02-09"], ["address", "721 Travessa Luiz Henrique"], ["postal_code", "38039-205"], ["city", "Veloso do Sul"], ["gender", "Masculino"], ["phone", "+55 (86) 0715-4605"], ["photo", "3.jpg"], ["role", "Advertising Officer"]]
  [1m[35m (4.0ms)[0m  [1m[35mCOMMIT[0m
  [1m[35m (0.3ms)[0m  [1m[35mBEGIN[0m
  [1m[36mUser Exists (0.5ms)[0m  [1m[34mSELECT  1 AS one FROM "users" WHERE "users"."email" = $1 LIMIT $2[0m  [["email", "terry_casper@daremccullough.biz"], ["LIMIT", 1]]
  [1m[35mSQL (1.7ms)[0m  [1m[32mINSERT INTO "users" ("email", "encrypted_password", "created_at", "updated_at", "name", "birth_date", "address", "postal_code", "city", "gender", "phone", "photo", "role") VALUES ($1, $2, $3, $4, $5, $6, $7, $8, $9, $10, $11, $12, $13) RETURNING "id"[0m  [["email", "terry_casper@daremccullough.biz"], ["encrypted_password", "$2a$11$hFySnL8XpmBRdoZ35RWpxe9OmXLfQkfhhIQFSeAo3yAV9WPRSt2Kq"], ["created_at", "2018-05-25 14:35:45.818156"], ["updated_at", "2018-05-25 14:35:45.818156"], ["name", "Emilly Vasques Jr."], ["birth_date", "1974-12-21"], ["address", "s/n Marginal Isabel Castro"], ["postal_code", "17787-373"], ["city", "Grande Bárbara"], ["gender", "Masculino"], ["phone", "(31) 73370-7430"], ["photo", "6.jpg"], ["role", "Investor Healthcare Director"]]
  [1m[35m (3.5ms)[0m  [1m[35mCOMMIT[0m
  [1m[35m (0.3ms)[0m  [1m[35mBEGIN[0m
  [1m[36mUser Exists (0.5ms)[0m  [1m[34mSELECT  1 AS one FROM "users" WHERE "users"."email" = $1 LIMIT $2[0m  [["email", "cullen.oconner@stehr.org"], ["LIMIT", 1]]
  [1m[35mSQL (0.4ms)[0m  [1m[32mINSERT INTO "users" ("email", "encrypted_password", "created_at", "updated_at", "name", "birth_date", "address", "postal_code", "city", "gender", "phone", "photo", "role") VALUES ($1, $2, $3, $4, $5, $6, $7, $8, $9, $10, $11, $12, $13) RETURNING "id"[0m  [["email", "cullen.oconner@stehr.org"], ["encrypted_password", "$2a$11$xFSG.tEsER8xZQPjhFRTDO7w8d/4o44VRKcqFkfLi5cWBar6qyLAe"], ["created_at", "2018-05-25 14:35:46.244898"], ["updated_at", "2018-05-25 14:35:46.244898"], ["name", "Dra. Louise Esteves"], ["birth_date", "2014-01-08"], ["address", "168 Rua Frederico"], ["postal_code", "85279-508"], ["city", "Velha Arthur Gabriel"], ["gender", "Feminino"], ["phone", "+55 (32) 1873-6030"], ["photo", "8.jpg"], ["role", "Chief Analyst"]]
  [1m[35m (3.4ms)[0m  [1m[35mCOMMIT[0m
  [1m[35m (0.2ms)[0m  [1m[35mBEGIN[0m
  [1m[36mUser Exists (0.4ms)[0m  [1m[34mSELECT  1 AS one FROM "users" WHERE "users"."email" = $1 LIMIT $2[0m  [["email", "porter@lubowitz.com"], ["LIMIT", 1]]
  [1m[35mSQL (0.4ms)[0m  [1m[32mINSERT INTO "users" ("email", "encrypted_password", "created_at", "updated_at", "name", "birth_date", "address", "postal_code", "city", "gender", "phone", "photo", "role") VALUES ($1, $2, $3, $4, $5, $6, $7, $8, $9, $10, $11, $12, $13) RETURNING "id"[0m  [["email", "porter@lubowitz.com"], ["encrypted_password", "$2a$11$.RIFdeMj1SQOCZPq1VX.H.bsJv1fzzD/mb/GKRcPeQvxr4ugOVTbS"], ["created_at", "2018-05-25 14:35:46.644165"], ["updated_at", "2018-05-25 14:35:46.644165"], ["name", "Sra. Elísio Dorneles"], ["birth_date", "1965-11-15"], ["address", "s/n Rodovia Augusto"], ["postal_code", "95506-098"], ["city", "Município de Márcio"], ["gender", "Masculino"], ["phone", "(73) 15438-8477"], ["photo", "6.jpg"], ["role", "Legal Producer"]]
  [1m[35m (3.0ms)[0m  [1m[35mCOMMIT[0m
  [1m[35m (0.3ms)[0m  [1m[35mBEGIN[0m
  [1m[36mUser Exists (0.5ms)[0m  [1m[34mSELECT  1 AS one FROM "users" WHERE "users"."email" = $1 LIMIT $2[0m  [["email", "dangelo.runolfsdottir@moen.info"], ["LIMIT", 1]]
  [1m[35mSQL (0.6ms)[0m  [1m[32mINSERT INTO "users" ("email", "encrypted_password", "created_at", "updated_at", "name", "birth_date", "address", "postal_code", "city", "gender", "phone", "photo", "role") VALUES ($1, $2, $3, $4, $5, $6, $7, $8, $9, $10, $11, $12, $13) RETURNING "id"[0m  [["email", "dangelo.runolfsdottir@moen.info"], ["encrypted_password", "$2a$11$2/CMFu8vT50jkNXMCb7ebeQpk0TrxvWMWH8xJK/LLPN0bD9xF0YhK"], ["created_at", "2018-05-25 14:35:47.211109"], ["updated_at", "2018-05-25 14:35:47.211109"], ["name", "Sr. Davi da Terra"], ["birth_date", "1943-08-01"], ["address", "3377 Ponte Luiz Felipe"], ["postal_code", "42015-585"], ["city", "Velha Rafael do Descoberto"], ["gender", "Feminino"], ["phone", "(39) 47314-6235"], ["photo", "1.jpg"], ["role", "Chief Planner"]]
  [1m[35m (3.2ms)[0m  [1m[35mCOMMIT[0m
  [1m[35m (0.3ms)[0m  [1m[35mBEGIN[0m
  [1m[36mUser Exists (0.6ms)[0m  [1m[34mSELECT  1 AS one FROM "users" WHERE "users"."email" = $1 LIMIT $2[0m  [["email", "lawson_cormier@hahn.name"], ["LIMIT", 1]]
  [1m[35mSQL (0.5ms)[0m  [1m[32mINSERT INTO "users" ("email", "encrypted_password", "created_at", "updated_at", "name", "birth_date", "address", "postal_code", "city", "gender", "phone", "photo", "role") VALUES ($1, $2, $3, $4, $5, $6, $7, $8, $9, $10, $11, $12, $13) RETURNING "id"[0m  [["email", "lawson_cormier@hahn.name"], ["encrypted_password", "$2a$11$cSj6cz5Sc/ub7sDdjLp6NObeHnR9wKFhghH1E9AveYrGLVOoxrM9q"], ["created_at", "2018-05-25 14:35:47.752412"], ["updated_at", "2018-05-25 14:35:47.752412"], ["name", "Luna Dorneles"], ["birth_date", "1980-07-06"], ["address", "87197 Travessa Feliciano"], ["postal_code", "12557-867"], ["city", "Rezende do Descoberto"], ["gender", "Masculino"], ["phone", "(93) 48077-0477"], ["photo", "8.jpg"], ["role", "Legacy Government Specialist"]]
  [1m[35m (3.4ms)[0m  [1m[35mCOMMIT[0m
  [1m[35m (0.3ms)[0m  [1m[35mBEGIN[0m
  [1m[36mUser Exists (0.5ms)[0m  [1m[34mSELECT  1 AS one FROM "users" WHERE "users"."email" = $1 LIMIT $2[0m  [["email", "keyshawn_huels@zieme.name"], ["LIMIT", 1]]
  [1m[35mSQL (0.4ms)[0m  [1m[32mINSERT INTO "users" ("email", "encrypted_password", "created_at", "updated_at", "name", "birth_date", "address", "postal_code", "city", "gender", "phone", "photo", "role") VALUES ($1, $2, $3, $4, $5, $6, $7, $8, $9, $10, $11, $12, $13) RETURNING "id"[0m  [["email", "keyshawn_huels@zieme.name"], ["encrypted_password", "$2a$11$Mi8Uu.SMkhzLR696/G14se89TFM2qW7nJ7/jqJqPfukAmcB/6c0nC"], ["created_at", "2018-05-25 14:35:48.233946"], ["updated_at", "2018-05-25 14:35:48.233946"], ["name", "Sr. Ana Luiza Bittencourt"], ["birth_date", "1936-02-25"], ["address", "89348 Marginal João Pedro Dorneles"], ["postal_code", "53281-683"], ["city", "Vila Isabel do Norte"], ["gender", "Feminino"], ["phone", "(19) 1854-6614"], ["photo", "2.jpg"], ["role", "Retail Developer"]]
  [1m[35m (6.6ms)[0m  [1m[35mCOMMIT[0m
  [1m[35m (92.5ms)[0m  [1m[35mBEGIN[0m
  [1m[36mUser Exists (0.6ms)[0m  [1m[34mSELECT  1 AS one FROM "users" WHERE "users"."email" = $1 LIMIT $2[0m  [["email", "gust.turcotte@nikolaus.io"], ["LIMIT", 1]]
  [1m[35mSQL (0.5ms)[0m  [1m[32mINSERT INTO "users" ("email", "encrypted_password", "created_at", "updated_at", "name", "birth_date", "address", "postal_code", "city", "gender", "phone", "photo", "role") VALUES ($1, $2, $3, $4, $5, $6, $7, $8, $9, $10, $11, $12, $13) RETURNING "id"[0m  [["email", "gust.turcotte@nikolaus.io"], ["encrypted_password", "$2a$11$sHWDzsObeknYN7c06gbite0QsnnZmUvvAAbud.rs1H6Er20QmAWO6"], ["created_at", "2018-05-25 14:35:48.748012"], ["updated_at", "2018-05-25 14:35:48.748012"], ["name", "Eduarda Ramalho"], ["birth_date", "1993-10-20"], ["address", "8651 Marginal Juliana da Bandeira"], ["postal_code", "44719-120"], ["city", "Isabella do Descoberto"], ["gender", "Feminino"], ["phone", "(99) 86386-3970"], ["photo", "2.jpg"], ["role", "Internal Analyst"]]
  [1m[35m (3.8ms)[0m  [1m[35mCOMMIT[0m
  [1m[35m (0.3ms)[0m  [1m[35mBEGIN[0m
  [1m[36mUser Exists (0.6ms)[0m  [1m[34mSELECT  1 AS one FROM "users" WHERE "users"."email" = $1 LIMIT $2[0m  [["email", "emmet@rodriguez.name"], ["LIMIT", 1]]
  [1m[35mSQL (0.5ms)[0m  [1m[32mINSERT INTO "users" ("email", "encrypted_password", "created_at", "updated_at", "name", "birth_date", "address", "postal_code", "city", "gender", "phone", "photo", "role") VALUES ($1, $2, $3, $4, $5, $6, $7, $8, $9, $10, $11, $12, $13) RETURNING "id"[0m  [["email", "emmet@rodriguez.name"], ["encrypted_password", "$2a$11$ETUFo2.VmCMCFJgWFBUYluf0UW7oRdehrfg4HqpO1sm8gvWD28Wbi"], ["created_at", "2018-05-25 14:35:49.172280"], ["updated_at", "2018-05-25 14:35:49.172280"], ["name", "João Guilherme da Maia"], ["birth_date", "1960-07-16"], ["address", "s/n Avenida Thomas Araújo"], ["postal_code", "71108-760"], ["city", "Município de Meire de Nossa Senhora"], ["gender", "Feminino"], ["phone", "(27) 8983-2666"], ["photo", "5.jpg"], ["role", "Sales Representative"]]
  [1m[35m (3.3ms)[0m  [1m[35mCOMMIT[0m
  [1m[35m (0.3ms)[0m  [1m[35mBEGIN[0m
  [1m[36mUser Exists (0.6ms)[0m  [1m[34mSELECT  1 AS one FROM "users" WHERE "users"."email" = $1 LIMIT $2[0m  [["email", "alexa@torpschiller.biz"], ["LIMIT", 1]]
  [1m[35mSQL (0.6ms)[0m  [1m[32mINSERT INTO "users" ("email", "encrypted_password", "created_at", "updated_at", "name", "birth_date", "address", "postal_code", "city", "gender", "phone", "photo", "role") VALUES ($1, $2, $3, $4, $5, $6, $7, $8, $9, $10, $11, $12, $13) RETURNING "id"[0m  [["email", "alexa@torpschiller.biz"], ["encrypted_password", "$2a$11$/iOIgFiaB/US6MacnvFw2OIpLR.8EIlNpKBBd/u.iyTpmoowkb4xW"], ["created_at", "2018-05-25 14:35:49.634114"], ["updated_at", "2018-05-25 14:35:49.634114"], ["name", "Maria Clara da Luz Jr."], ["birth_date", "1948-04-19"], ["address", "7688 Alameda Anthony Oliveira"], ["postal_code", "83808-548"], ["city", "Simões do Descoberto"], ["gender", "Masculino"], ["phone", "(68) 2168-6704"], ["photo", "6.jpg"], ["role", "Real-Estate Developer"]]
  [1m[35m (3.3ms)[0m  [1m[35mCOMMIT[0m
  [1m[35m (0.3ms)[0m  [1m[35mBEGIN[0m
  [1m[36mUser Exists (0.6ms)[0m  [1m[34mSELECT  1 AS one FROM "users" WHERE "users"."email" = $1 LIMIT $2[0m  [["email", "garret_leannon@dibbertmcclure.io"], ["LIMIT", 1]]
  [1m[35mSQL (0.4ms)[0m  [1m[32mINSERT INTO "users" ("email", "encrypted_password", "created_at", "updated_at", "name", "birth_date", "address", "postal_code", "city", "gender", "phone", "photo", "role") VALUES ($1, $2, $3, $4, $5, $6, $7, $8, $9, $10, $11, $12, $13) RETURNING "id"[0m  [["email", "garret_leannon@dibbertmcclure.io"], ["encrypted_password", "$2a$11$6wkA/RecllPRKITDwAKDoeYTkzhXqRmxuG56pEVZnBWZzWnkdBKHS"], ["created_at", "2018-05-25 14:35:50.225357"], ["updated_at", "2018-05-25 14:35:50.225357"], ["name", "Nicole Camacho Jr."], ["birth_date", "2011-05-28"], ["address", "s/n Alameda Ana"], ["postal_code", "26940-691"], ["city", "Município de Oliver"], ["gender", "Feminino"], ["phone", "(22) 13408-9191"], ["photo", "5.jpg"], ["role", "Construction Specialist"]]
  [1m[35m (4.2ms)[0m  [1m[35mCOMMIT[0m
  [1m[35m (0.3ms)[0m  [1m[35mBEGIN[0m
  [1m[36mUser Exists (0.7ms)[0m  [1m[34mSELECT  1 AS one FROM "users" WHERE "users"."email" = $1 LIMIT $2[0m  [["email", "tomas_denesik@williamson.info"], ["LIMIT", 1]]
  [1m[35mSQL (0.8ms)[0m  [1m[32mINSERT INTO "users" ("email", "encrypted_password", "created_at", "updated_at", "name", "birth_date", "address", "postal_code", "city", "gender", "phone", "photo", "role") VALUES ($1, $2, $3, $4, $5, $6, $7, $8, $9, $10, $11, $12, $13) RETURNING "id"[0m  [["email", "tomas_denesik@williamson.info"], ["encrypted_password", "$2a$11$wKMgIC50A7muQ2iVFnLMQONFByvej19ugEW..XszJlvGE/t7JP3y2"], ["created_at", "2018-05-25 14:35:51.017616"], ["updated_at", "2018-05-25 14:35:51.017616"], ["name", "Heloísa Guterres"], ["birth_date", "1980-01-26"], ["address", "3133 Marginal Manuela da Mata"], ["postal_code", "44533-084"], ["city", "Município de Bryan de Nossa Senhora"], ["gender", "Feminino"], ["phone", "(99) 4015-1023"], ["photo", "0.jpg"], ["role", "Senior Administration Coordinator"]]
  [1m[35m (3.3ms)[0m  [1m[35mCOMMIT[0m
  [1m[35m (0.3ms)[0m  [1m[35mBEGIN[0m
  [1m[36mUser Exists (0.6ms)[0m  [1m[34mSELECT  1 AS one FROM "users" WHERE "users"."email" = $1 LIMIT $2[0m  [["email", "linwood_rau@wintheiser.com"], ["LIMIT", 1]]
  [1m[35mSQL (0.6ms)[0m  [1m[32mINSERT INTO "users" ("email", "encrypted_password", "created_at", "updated_at", "name", "birth_date", "address", "postal_code", "city", "gender", "phone", "photo", "role") VALUES ($1, $2, $3, $4, $5, $6, $7, $8, $9, $10, $11, $12, $13) RETURNING "id"[0m  [["email", "linwood_rau@wintheiser.com"], ["encrypted_password", "$2a$11$DHxIud1/aVk2R9dIUR4hPOpXFUCH1wOOCQB9b5sLz7bTDb6zfUsp6"], ["created_at", "2018-05-25 14:35:51.606676"], ["updated_at", "2018-05-25 14:35:51.606676"], ["name", "Olívia Videira"], ["birth_date", "2001-02-02"], ["address", "s/n Alameda Fábio"], ["postal_code", "32340-385"], ["city", "Grande Maria Sophia"], ["gender", "Masculino"], ["phone", "(55) 1808-8623"], ["photo", "8.jpg"], ["role", "District Healthcare Facilitator"]]
  [1m[35m (2.9ms)[0m  [1m[35mCOMMIT[0m
  [1m[35m (0.2ms)[0m  [1m[35mBEGIN[0m
  [1m[36mUser Exists (0.4ms)[0m  [1m[34mSELECT  1 AS one FROM "users" WHERE "users"."email" = $1 LIMIT $2[0m  [["email", "orlando_lynch@jonesthiel.biz"], ["LIMIT", 1]]
  [1m[35mSQL (0.5ms)[0m  [1m[32mINSERT INTO "users" ("email", "encrypted_password", "created_at", "updated_at", "name", "birth_date", "address", "postal_code", "city", "gender", "phone", "photo", "role") VALUES ($1, $2, $3, $4, $5, $6, $7, $8, $9, $10, $11, $12, $13) RETURNING "id"[0m  [["email", "orlando_lynch@jonesthiel.biz"], ["encrypted_password", "$2a$11$f8IifCuBIOlrFwmWA6YLEOoAPaGh0jy9.RpFtu3yUeDMLCPte9cYy"], ["created_at", "2018-05-25 14:35:52.183847"], ["updated_at", "2018-05-25 14:35:52.183847"], ["name", "Helena Quaresma"], ["birth_date", "1973-10-04"], ["address", "s/n Rodovia Bruno"], ["postal_code", "24338-642"], ["city", "Velha Stella do Sul"], ["gender", "Feminino"], ["phone", "(15) 4567-7079"], ["photo", "1.jpg"], ["role", "Legacy Design Executive"]]
  [1m[35m (3.0ms)[0m  [1m[35mCOMMIT[0m
  [1m[35m (0.3ms)[0m  [1m[35mBEGIN[0m
  [1m[36mUser Exists (0.4ms)[0m  [1m[34mSELECT  1 AS one FROM "users" WHERE "users"."email" = $1 LIMIT $2[0m  [["email", "lisandro_feest@dietrich.io"], ["LIMIT", 1]]
  [1m[35mSQL (0.4ms)[0m  [1m[32mINSERT INTO "users" ("email", "encrypted_password", "created_at", "updated_at", "name", "birth_date", "address", "postal_code", "city", "gender", "phone", "photo", "role") VALUES ($1, $2, $3, $4, $5, $6, $7, $8, $9, $10, $11, $12, $13) RETURNING "id"[0m  [["email", "lisandro_feest@dietrich.io"], ["encrypted_password", "$2a$11$pLy7GThofrMt/ZLVbf3d4Os6J8blN2uKYckkcpuLAmshYyqfcZOXO"], ["created_at", "2018-05-25 14:35:52.610292"], ["updated_at", "2018-05-25 14:35:52.610292"], ["name", "Davi Lucas Passarinho"], ["birth_date", "1924-12-17"], ["address", "s/n Avenida Davi Miguel Amoreira"], ["postal_code", "84120-372"], ["city", "Junqueira do Descoberto"], ["gender", "Masculino"], ["phone", "(23) 68524-6415"], ["photo", "7.jpg"], ["role", "International Agent"]]
  [1m[35m (2.7ms)[0m  [1m[35mCOMMIT[0m
  [1m[35m (0.2ms)[0m  [1m[35mBEGIN[0m
  [1m[36mUser Exists (0.4ms)[0m  [1m[34mSELECT  1 AS one FROM "users" WHERE "users"."email" = $1 LIMIT $2[0m  [["email", "anabel.flatley@schulistbeahan.info"], ["LIMIT", 1]]
  [1m[35mSQL (0.4ms)[0m  [1m[32mINSERT INTO "users" ("email", "encrypted_password", "created_at", "updated_at", "name", "birth_date", "address", "postal_code", "city", "gender", "phone", "photo", "role") VALUES ($1, $2, $3, $4, $5, $6, $7, $8, $9, $10, $11, $12, $13) RETURNING "id"[0m  [["email", "anabel.flatley@schulistbeahan.info"], ["encrypted_password", "$2a$11$cHxoewZ2wSWkmK1eMtuVqeQtB/4xvovylZoZOa5Q/itRU5uOm7ZuC"], ["created_at", "2018-05-25 14:35:53.163665"], ["updated_at", "2018-05-25 14:35:53.163665"], ["name", "Helena Godins"], ["birth_date", "1960-06-17"], ["address", "36011 Travessa Juliana Nascimento"], ["postal_code", "24987-018"], ["city", "da Luz de Nossa Senhora"], ["gender", "Feminino"], ["phone", "(24) 17872-7201"], ["photo", "1.jpg"], ["role", "Product Consulting Officer"]]
  [1m[35m (4.3ms)[0m  [1m[35mCOMMIT[0m
  [1m[35m (0.2ms)[0m  [1m[35mBEGIN[0m
  [1m[35mSQL (3.6ms)[0m  [1m[32mINSERT INTO "transfers" ("description", "category", "price_cents", "created_at", "updated_at") VALUES ($1, $2, $3, $4, $5) RETURNING "id"[0m  [["description", "Impedit omnis est. Provident earum itaque."], ["category", 1], ["price_cents", 674800], ["created_at", "2018-05-25 14:35:58.356579"], ["updated_at", "2018-05-25 14:35:58.356579"]]
  [1m[35m (6.9ms)[0m  [1m[35mCOMMIT[0m
  [1m[35m (0.2ms)[0m  [1m[35mBEGIN[0m
  [1m[35mSQL (0.5ms)[0m  [1m[32mINSERT INTO "transfers" ("description", "category", "price_cents", "created_at", "updated_at") VALUES ($1, $2, $3, $4, $5) RETURNING "id"[0m  [["description", "Reprehenderit omnis similique asperiores fuga. Sed rem aliquam in aut sequi minima."], ["category", 1], ["price_cents", 492300], ["created_at", "2018-05-25 14:35:58.389121"], ["updated_at", "2018-05-25 14:35:58.389121"]]
  [1m[35m (2.1ms)[0m  [1m[35mCOMMIT[0m
  [1m[35m (0.1ms)[0m  [1m[35mBEGIN[0m
  [1m[35mSQL (0.3ms)[0m  [1m[32mINSERT INTO "transfers" ("description", "category", "price_cents", "created_at", "updated_at") VALUES ($1, $2, $3, $4, $5) RETURNING "id"[0m  [["description", "Architecto fuga alias recusandae est voluptates. Eum aut perferendis quas ea maxime labore voluptatem."], ["category", 0], ["price_cents", 107100], ["created_at", "2018-05-25 14:35:58.394282"], ["updated_at", "2018-05-25 14:35:58.394282"]]
  [1m[35m (2.2ms)[0m  [1m[35mCOMMIT[0m
  [1m[35m (0.2ms)[0m  [1m[35mBEGIN[0m
  [1m[35mSQL (0.4ms)[0m  [1m[32mINSERT INTO "transfers" ("description", "category", "price_cents", "created_at", "updated_at") VALUES ($1, $2, $3, $4, $5) RETURNING "id"[0m  [["description", "Ab voluptatibus maxime aut fuga sed illum. Enim et dolorum. Officiis et dolorem sunt delectus."], ["category", 1], ["price_cents", 392800], ["created_at", "2018-05-25 14:35:58.399259"], ["updated_at", "2018-05-25 14:35:58.399259"]]
  [1m[35m (2.2ms)[0m  [1m[35mCOMMIT[0m
  [1m[35m (0.1ms)[0m  [1m[35mBEGIN[0m
  [1m[35mSQL (0.4ms)[0m  [1m[32mINSERT INTO "transfers" ("description", "category", "price_cents", "created_at", "updated_at") VALUES ($1, $2, $3, $4, $5) RETURNING "id"[0m  [["description", "Quia velit qui quia facere quod voluptatibus impedit. Et expedita sed perferendis est."], ["category", 0], ["price_cents", 194100], ["created_at", "2018-05-25 14:35:58.404102"], ["updated_at", "2018-05-25 14:35:58.404102"]]
  [1m[35m (2.3ms)[0m  [1m[35mCOMMIT[0m
  [1m[35m (0.2ms)[0m  [1m[35mBEGIN[0m
  [1m[35mSQL (0.3ms)[0m  [1m[32mINSERT INTO "transfers" ("description", "category", "price_cents", "created_at", "updated_at") VALUES ($1, $2, $3, $4, $5) RETURNING "id"[0m  [["description", "Qui non voluptas recusandae. Mollitia ducimus nobis a totam optio. Rerum reprehenderit quae et. Consequatur et eveniet ut rerum."], ["category", 0], ["price_cents", 20400], ["created_at", "2018-05-25 14:35:58.409317"], ["updated_at", "2018-05-25 14:35:58.409317"]]
  [1m[35m (2.2ms)[0m  [1m[35mCOMMIT[0m
  [1m[35m (0.1ms)[0m  [1m[35mBEGIN[0m
  [1m[35mSQL (0.3ms)[0m  [1m[32mINSERT INTO "transfers" ("description", "category", "price_cents", "created_at", "updated_at") VALUES ($1, $2, $3, $4, $5) RETURNING "id"[0m  [["description", "Aliquam dolorem consequatur impedit repudiandae. Perspiciatis odit molestiae aspernatur non. Eveniet alias rerum iure architecto molestiae."], ["category", 1], ["price_cents", 273600], ["created_at", "2018-05-25 14:35:58.414253"], ["updated_at", "2018-05-25 14:35:58.414253"]]
  [1m[35m (2.3ms)[0m  [1m[35mCOMMIT[0m
  [1m[35m (0.2ms)[0m  [1m[35mBEGIN[0m
  [1m[35mSQL (0.5ms)[0m  [1m[32mINSERT INTO "transfers" ("description", "category", "price_cents", "created_at", "updated_at") VALUES ($1, $2, $3, $4, $5) RETURNING "id"[0m  [["description", "Non nihil commodi ratione dolorem. Velit in alias quasi aut. Et debitis voluptatem. Ab corrupti repudiandae cum ratione sed optio."], ["category", 1], ["price_cents", 127300], ["created_at", "2018-05-25 14:35:58.419364"], ["updated_at", "2018-05-25 14:35:58.419364"]]
  [1m[35m (2.4ms)[0m  [1m[35mCOMMIT[0m
  [1m[35m (0.2ms)[0m  [1m[35mBEGIN[0m
  [1m[35mSQL (0.4ms)[0m  [1m[32mINSERT INTO "transfers" ("description", "category", "price_cents", "created_at", "updated_at") VALUES ($1, $2, $3, $4, $5) RETURNING "id"[0m  [["description", "Magnam dicta et et rerum odit est. Alias a minima consequuntur perferendis. Quaerat cum blanditiis ut reprehenderit in."], ["category", 0], ["price_cents", 620000], ["created_at", "2018-05-25 14:35:58.425100"], ["updated_at", "2018-05-25 14:35:58.425100"]]
  [1m[35m (2.4ms)[0m  [1m[35mCOMMIT[0m
  [1m[35m (0.1ms)[0m  [1m[35mBEGIN[0m
  [1m[35mSQL (0.5ms)[0m  [1m[32mINSERT INTO "transfers" ("description", "category", "price_cents", "created_at", "updated_at") VALUES ($1, $2, $3, $4, $5) RETURNING "id"[0m  [["description", "Quis tempora porro consectetur. Rerum ullam tempora possimus quo. Nostrum labore veniam excepturi nobis."], ["category", 0], ["price_cents", 390700], ["created_at", "2018-05-25 14:35:58.430399"], ["updated_at", "2018-05-25 14:35:58.430399"]]
  [1m[35m (3.1ms)[0m  [1m[35mCOMMIT[0m
  [1m[35m (0.2ms)[0m  [1m[35mBEGIN[0m
  [1m[35mSQL (0.4ms)[0m  [1m[32mINSERT INTO "transfers" ("description", "category", "price_cents", "created_at", "updated_at") VALUES ($1, $2, $3, $4, $5) RETURNING "id"[0m  [["description", "Commodi aliquid dolorum illo error. Illo nesciunt corrupti. Reprehenderit sint ut reiciendis laborum. Voluptatem voluptatum suscipit ipsum omnis incidunt dolores sint."], ["category", 0], ["price_cents", 273900], ["created_at", "2018-05-25 14:35:58.437041"], ["updated_at", "2018-05-25 14:35:58.437041"]]
  [1m[35m (2.6ms)[0m  [1m[35mCOMMIT[0m
  [1m[35m (0.2ms)[0m  [1m[35mBEGIN[0m
  [1m[35mSQL (1.3ms)[0m  [1m[32mINSERT INTO "transfers" ("description", "category", "price_cents", "created_at", "updated_at") VALUES ($1, $2, $3, $4, $5) RETURNING "id"[0m  [["description", "Iusto et sunt vel voluptatem quidem sed inventore. Voluptates est culpa provident itaque id velit fugiat. Quis rerum quibusdam ut qui. Consequatur non est ipsa dolorem autem rerum sint."], ["category", 0], ["price_cents", 131400], ["created_at", "2018-05-25 14:35:58.443239"], ["updated_at", "2018-05-25 14:35:58.443239"]]
  [1m[35m (2.6ms)[0m  [1m[35mCOMMIT[0m
  [1m[35m (0.2ms)[0m  [1m[35mBEGIN[0m
  [1m[35mSQL (0.4ms)[0m  [1m[32mINSERT INTO "transfers" ("description", "category", "price_cents", "created_at", "updated_at") VALUES ($1, $2, $3, $4, $5) RETURNING "id"[0m  [["description", "Eos aspernatur recusandae inventore autem incidunt officiis. Corrupti ipsa laudantium ea debitis. Quia quos aperiam aliquid molestiae autem consequatur. Quo ipsum minima impedit eum nobis officiis."], ["category", 1], ["price_cents", 120800], ["created_at", "2018-05-25 14:35:58.449915"], ["updated_at", "2018-05-25 14:35:58.449915"]]
  [1m[35m (2.5ms)[0m  [1m[35mCOMMIT[0m
  [1m[35m (0.2ms)[0m  [1m[35mBEGIN[0m
  [1m[35mSQL (0.4ms)[0m  [1m[32mINSERT INTO "transfers" ("description", "category", "price_cents", "created_at", "updated_at") VALUES ($1, $2, $3, $4, $5) RETURNING "id"[0m  [["description", "Consequatur veniam est maiores sed voluptas dolorum. Placeat repellat eaque velit quidem cum omnis aperiam. Nesciunt quis aut."], ["category", 1], ["price_cents", 83200], ["created_at", "2018-05-25 14:35:58.455357"], ["updated_at", "2018-05-25 14:35:58.455357"]]
  [1m[35m (2.5ms)[0m  [1m[35mCOMMIT[0m
  [1m[35m (0.1ms)[0m  [1m[35mBEGIN[0m
  [1m[35mSQL (0.4ms)[0m  [1m[32mINSERT INTO "transfers" ("description", "category", "price_cents", "created_at", "updated_at") VALUES ($1, $2, $3, $4, $5) RETURNING "id"[0m  [["description", "Ducimus ut delectus aut voluptatum sed sequi. Vel dolorum id quisquam dolore autem. Eos aperiam quae sed adipisci. Dolorum aut voluptate et soluta."], ["category", 1], ["price_cents", 636400], ["created_at", "2018-05-25 14:35:58.460828"], ["updated_at", "2018-05-25 14:35:58.460828"]]
  [1m[35m (2.3ms)[0m  [1m[35mCOMMIT[0m
  [1m[35m (0.2ms)[0m  [1m[35mBEGIN[0m
  [1m[35mSQL (0.3ms)[0m  [1m[32mINSERT INTO "transfers" ("description", "category", "price_cents", "created_at", "updated_at") VALUES ($1, $2, $3, $4, $5) RETURNING "id"[0m  [["description", "Voluptatem quia rerum. Aliquam similique consectetur qui qui dignissimos qui cum. Ut quia accusantium asperiores eum et numquam."], ["category", 0], ["price_cents", 694100], ["created_at", "2018-05-25 14:35:58.466082"], ["updated_at", "2018-05-25 14:35:58.466082"]]
  [1m[35m (2.2ms)[0m  [1m[35mCOMMIT[0m
  [1m[35m (0.1ms)[0m  [1m[35mBEGIN[0m
  [1m[35mSQL (0.6ms)[0m  [1m[32mINSERT INTO "transfers" ("description", "category", "price_cents", "created_at", "updated_at") VALUES ($1, $2, $3, $4, $5) RETURNING "id"[0m  [["description", "Nisi impedit omnis placeat doloribus aut. Fugiat nisi eum ipsa. Perspiciatis ratione amet quis."], ["category", 0], ["price_cents", 493800], ["created_at", "2018-05-25 14:35:58.470746"], ["updated_at", "2018-05-25 14:35:58.470746"]]
  [1m[35m (2.2ms)[0m  [1m[35mCOMMIT[0m
  [1m[35m (0.1ms)[0m  [1m[35mBEGIN[0m
  [1m[35mSQL (0.3ms)[0m  [1m[32mINSERT INTO "transfers" ("description", "category", "price_cents", "created_at", "updated_at") VALUES ($1, $2, $3, $4, $5) RETURNING "id"[0m  [["description", "Excepturi sit beatae id dolor. Et expedita reprehenderit magni mollitia quo facilis."], ["category", 1], ["price_cents", 751600], ["created_at", "2018-05-25 14:35:58.475571"], ["updated_at", "2018-05-25 14:35:58.475571"]]
  [1m[35m (2.6ms)[0m  [1m[35mCOMMIT[0m
  [1m[35m (0.1ms)[0m  [1m[35mBEGIN[0m
  [1m[35mSQL (0.4ms)[0m  [1m[32mINSERT INTO "transfers" ("description", "category", "price_cents", "created_at", "updated_at") VALUES ($1, $2, $3, $4, $5) RETURNING "id"[0m  [["description", "Est totam sunt possimus in dolor quisquam. Et amet et occaecati sunt."], ["category", 0], ["price_cents", 182500], ["created_at", "2018-05-25 14:35:58.481206"], ["updated_at", "2018-05-25 14:35:58.481206"]]
  [1m[35m (2.4ms)[0m  [1m[35mCOMMIT[0m
  [1m[35m (0.2ms)[0m  [1m[35mBEGIN[0m
  [1m[35mSQL (0.4ms)[0m  [1m[32mINSERT INTO "transfers" ("description", "category", "price_cents", "created_at", "updated_at") VALUES ($1, $2, $3, $4, $5) RETURNING "id"[0m  [["description", "Et iste itaque. Et voluptatem ducimus."], ["category", 1], ["price_cents", 978100], ["created_at", "2018-05-25 14:35:58.486837"], ["updated_at", "2018-05-25 14:35:58.486837"]]
  [1m[35m (2.2ms)[0m  [1m[35mCOMMIT[0m
  [1m[35m (0.1ms)[0m  [1m[35mBEGIN[0m
  [1m[35mSQL (0.5ms)[0m  [1m[32mINSERT INTO "transfers" ("description", "category", "price_cents", "created_at", "updated_at") VALUES ($1, $2, $3, $4, $5) RETURNING "id"[0m  [["description", "Aut minus modi adipisci. Laborum nemo id illum."], ["category", 0], ["price_cents", 268000], ["created_at", "2018-05-25 14:35:58.492148"], ["updated_at", "2018-05-25 14:35:58.492148"]]
  [1m[35m (2.3ms)[0m  [1m[35mCOMMIT[0m
  [1m[35m (0.2ms)[0m  [1m[35mBEGIN[0m
  [1m[35mSQL (0.5ms)[0m  [1m[32mINSERT INTO "transfers" ("description", "category", "price_cents", "created_at", "updated_at") VALUES ($1, $2, $3, $4, $5) RETURNING "id"[0m  [["description", "Et velit incidunt voluptatem ab expedita quaerat id. Est id voluptatibus esse. Et nobis quia eum."], ["category", 0], ["price_cents", 243200], ["created_at", "2018-05-25 14:35:58.498084"], ["updated_at", "2018-05-25 14:35:58.498084"]]
  [1m[35m (2.5ms)[0m  [1m[35mCOMMIT[0m
  [1m[35m (0.2ms)[0m  [1m[35mBEGIN[0m
  [1m[35mSQL (0.4ms)[0m  [1m[32mINSERT INTO "transfers" ("description", "category", "price_cents", "created_at", "updated_at") VALUES ($1, $2, $3, $4, $5) RETURNING "id"[0m  [["description", "Blanditiis voluptatem vel harum fugiat. Fugiat assumenda laboriosam est consequatur numquam voluptas. Saepe aut enim corrupti neque iusto dolores labore. Deserunt minima delectus expedita."], ["category", 1], ["price_cents", 294200], ["created_at", "2018-05-25 14:35:58.504069"], ["updated_at", "2018-05-25 14:35:58.504069"]]
  [1m[35m (2.4ms)[0m  [1m[35mCOMMIT[0m
  [1m[35m (0.2ms)[0m  [1m[35mBEGIN[0m
  [1m[35mSQL (0.5ms)[0m  [1m[32mINSERT INTO "transfers" ("description", "category", "price_cents", "created_at", "updated_at") VALUES ($1, $2, $3, $4, $5) RETURNING "id"[0m  [["description", "Quia rerum delectus error labore earum facere molestiae. Eum est neque sit laboriosam temporibus rerum ut."], ["category", 0], ["price_cents", 802200], ["created_at", "2018-05-25 14:35:58.509731"], ["updated_at", "2018-05-25 14:35:58.509731"]]
  [1m[35m (2.4ms)[0m  [1m[35mCOMMIT[0m
  [1m[35m (0.2ms)[0m  [1m[35mBEGIN[0m
  [1m[35mSQL (0.4ms)[0m  [1m[32mINSERT INTO "transfers" ("description", "category", "price_cents", "created_at", "updated_at") VALUES ($1, $2, $3, $4, $5) RETURNING "id"[0m  [["description", "Aspernatur quia et doloribus aut tenetur consequatur. Iste voluptatem quos. Sint omnis adipisci sequi ducimus voluptates. Praesentium ducimus officia quia ullam soluta itaque."], ["category", 1], ["price_cents", 410200], ["created_at", "2018-05-25 14:35:58.515031"], ["updated_at", "2018-05-25 14:35:58.515031"]]
  [1m[35m (2.3ms)[0m  [1m[35mCOMMIT[0m
  [1m[35m (0.1ms)[0m  [1m[35mBEGIN[0m
  [1m[35mSQL (0.5ms)[0m  [1m[32mINSERT INTO "transfers" ("description", "category", "price_cents", "created_at", "updated_at") VALUES ($1, $2, $3, $4, $5) RETURNING "id"[0m  [["description", "Rerum magnam autem et. Sequi et enim dolore rerum occaecati."], ["category", 1], ["price_cents", 305300], ["created_at", "2018-05-25 14:35:58.520204"], ["updated_at", "2018-05-25 14:35:58.520204"]]
  [1m[35m (2.5ms)[0m  [1m[35mCOMMIT[0m
  [1m[35m (0.2ms)[0m  [1m[35mBEGIN[0m
  [1m[35mSQL (0.5ms)[0m  [1m[32mINSERT INTO "transfers" ("description", "category", "price_cents", "created_at", "updated_at") VALUES ($1, $2, $3, $4, $5) RETURNING "id"[0m  [["description", "Non temporibus doloremque quidem et molestias. Aliquam quaerat vel velit aut et aut. Dolor et numquam ut ducimus. Impedit atque vel dolorem nesciunt voluptatem et."], ["category", 0], ["price_cents", 135900], ["created_at", "2018-05-25 14:35:58.526193"], ["updated_at", "2018-05-25 14:35:58.526193"]]
  [1m[35m (2.6ms)[0m  [1m[35mCOMMIT[0m
  [1m[35m (0.1ms)[0m  [1m[35mBEGIN[0m
  [1m[35mSQL (0.5ms)[0m  [1m[32mINSERT INTO "transfers" ("description", "category", "price_cents", "created_at", "updated_at") VALUES ($1, $2, $3, $4, $5) RETURNING "id"[0m  [["description", "Sapiente suscipit qui. Quos est dignissimos aut culpa qui. Incidunt nemo consequuntur sit. Repellat quibusdam officiis laboriosam qui."], ["category", 1], ["price_cents", 437500], ["created_at", "2018-05-25 14:35:58.531872"], ["updated_at", "2018-05-25 14:35:58.531872"]]
  [1m[35m (2.3ms)[0m  [1m[35mCOMMIT[0m
  [1m[35m (0.1ms)[0m  [1m[35mBEGIN[0m
  [1m[35mSQL (0.5ms)[0m  [1m[32mINSERT INTO "transfers" ("description", "category", "price_cents", "created_at", "updated_at") VALUES ($1, $2, $3, $4, $5) RETURNING "id"[0m  [["description", "Architecto ut voluptatem adipisci qui saepe vel est. Et odit dolorem eum dolores sit. Harum tempora commodi consequuntur repellat labore. Cumque et nihil et eligendi."], ["category", 0], ["price_cents", 870100], ["created_at", "2018-05-25 14:35:58.537127"], ["updated_at", "2018-05-25 14:35:58.537127"]]
  [1m[35m (2.4ms)[0m  [1m[35mCOMMIT[0m
  [1m[35m (0.2ms)[0m  [1m[35mBEGIN[0m
  [1m[35mSQL (0.4ms)[0m  [1m[32mINSERT INTO "transfers" ("description", "category", "price_cents", "created_at", "updated_at") VALUES ($1, $2, $3, $4, $5) RETURNING "id"[0m  [["description", "Ducimus temporibus enim asperiores. Iusto ut animi necessitatibus et."], ["category", 0], ["price_cents", 634600], ["created_at", "2018-05-25 14:35:58.542267"], ["updated_at", "2018-05-25 14:35:58.542267"]]
  [1m[35m (2.4ms)[0m  [1m[35mCOMMIT[0m
  [1m[35m (0.2ms)[0m  [1m[35mBEGIN[0m
  [1m[35mSQL (0.3ms)[0m  [1m[32mINSERT INTO "transfers" ("description", "category", "price_cents", "created_at", "updated_at") VALUES ($1, $2, $3, $4, $5) RETURNING "id"[0m  [["description", "Ipsum facere ab quia voluptas voluptas consequatur nam. Et recusandae suscipit aliquam ipsam."], ["category", 1], ["price_cents", 247500], ["created_at", "2018-05-25 14:35:58.547386"], ["updated_at", "2018-05-25 14:35:58.547386"]]
  [1m[35m (2.7ms)[0m  [1m[35mCOMMIT[0m
  [1m[35m (0.1ms)[0m  [1m[35mBEGIN[0m
  [1m[35mSQL (0.4ms)[0m  [1m[32mINSERT INTO "transfers" ("description", "category", "price_cents", "created_at", "updated_at") VALUES ($1, $2, $3, $4, $5) RETURNING "id"[0m  [["description", "Aut natus itaque soluta ea. Sit adipisci magnam. Aut non sunt officia enim alias tenetur."], ["category", 1], ["price_cents", 754600], ["created_at", "2018-05-25 14:35:58.553015"], ["updated_at", "2018-05-25 14:35:58.553015"]]
  [1m[35m (2.3ms)[0m  [1m[35mCOMMIT[0m
  [1m[35m (0.1ms)[0m  [1m[35mBEGIN[0m
  [1m[35mSQL (0.4ms)[0m  [1m[32mINSERT INTO "transfers" ("description", "category", "price_cents", "created_at", "updated_at") VALUES ($1, $2, $3, $4, $5) RETURNING "id"[0m  [["description", "Et sint aut quia dicta accusantium. Consequatur illo eveniet ex qui tenetur a."], ["category", 1], ["price_cents", 215000], ["created_at", "2018-05-25 14:35:58.558163"], ["updated_at", "2018-05-25 14:35:58.558163"]]
  [1m[35m (2.4ms)[0m  [1m[35mCOMMIT[0m
  [1m[35m (0.2ms)[0m  [1m[35mBEGIN[0m
  [1m[35mSQL (0.3ms)[0m  [1m[32mINSERT INTO "transfers" ("description", "category", "price_cents", "created_at", "updated_at") VALUES ($1, $2, $3, $4, $5) RETURNING "id"[0m  [["description", "Aut quo debitis et eos. Voluptatem nesciunt sunt quos ducimus. Aperiam possimus aspernatur."], ["category", 1], ["price_cents", 982700], ["created_at", "2018-05-25 14:35:58.563494"], ["updated_at", "2018-05-25 14:35:58.563494"]]
  [1m[35m (2.3ms)[0m  [1m[35mCOMMIT[0m
  [1m[35m (0.2ms)[0m  [1m[35mBEGIN[0m
  [1m[35mSQL (0.4ms)[0m  [1m[32mINSERT INTO "transfers" ("description", "category", "price_cents", "created_at", "updated_at") VALUES ($1, $2, $3, $4, $5) RETURNING "id"[0m  [["description", "Ullam in sed et. Veniam adipisci tempora neque autem. Inventore provident hic impedit sapiente. Sit repellat quibusdam."], ["category", 1], ["price_cents", 243900], ["created_at", "2018-05-25 14:35:58.569199"], ["updated_at", "2018-05-25 14:35:58.569199"]]
  [1m[35m (2.6ms)[0m  [1m[35mCOMMIT[0m
  [1m[35m (0.2ms)[0m  [1m[35mBEGIN[0m
  [1m[35mSQL (0.4ms)[0m  [1m[32mINSERT INTO "transfers" ("description", "category", "price_cents", "created_at", "updated_at") VALUES ($1, $2, $3, $4, $5) RETURNING "id"[0m  [["description", "Qui excepturi ducimus eius et sint. Nostrum consequatur iste quod qui provident assumenda. Et dolor saepe eius alias unde."], ["category", 0], ["price_cents", 225900], ["created_at", "2018-05-25 14:35:58.575124"], ["updated_at", "2018-05-25 14:35:58.575124"]]
  [1m[35m (2.4ms)[0m  [1m[35mCOMMIT[0m
  [1m[35m (1.0ms)[0m  [1m[35mBEGIN[0m
  [1m[35mSQL (0.5ms)[0m  [1m[32mINSERT INTO "transfers" ("description", "category", "price_cents", "created_at", "updated_at") VALUES ($1, $2, $3, $4, $5) RETURNING "id"[0m  [["description", "Repellendus consequuntur quam velit. Laboriosam ipsum excepturi nobis omnis. Reprehenderit deserunt in non molestiae consectetur quia. Qui dolor et maxime."], ["category", 1], ["price_cents", 538800], ["created_at", "2018-05-25 14:35:58.581752"], ["updated_at", "2018-05-25 14:35:58.581752"]]
  [1m[35m (2.5ms)[0m  [1m[35mCOMMIT[0m
  [1m[35m (0.2ms)[0m  [1m[35mBEGIN[0m
  [1m[35mSQL (0.5ms)[0m  [1m[32mINSERT INTO "transfers" ("description", "category", "price_cents", "created_at", "updated_at") VALUES ($1, $2, $3, $4, $5) RETURNING "id"[0m  [["description", "Vitae ut error aliquid non perferendis quam pariatur. Quibusdam pariatur quisquam. Unde quia laboriosam et."], ["category", 1], ["price_cents", 112500], ["created_at", "2018-05-25 14:35:58.587778"], ["updated_at", "2018-05-25 14:35:58.587778"]]
  [1m[35m (2.4ms)[0m  [1m[35mCOMMIT[0m
  [1m[35m (0.3ms)[0m  [1m[35mBEGIN[0m
  [1m[35mSQL (1.6ms)[0m  [1m[32mINSERT INTO "transfers" ("description", "category", "price_cents", "created_at", "updated_at") VALUES ($1, $2, $3, $4, $5) RETURNING "id"[0m  [["description", "Vel nostrum rerum corporis. Et error occaecati omnis magni sit maxime. Voluptas earum ipsum quas voluptatem fugiat magnam vel."], ["category", 0], ["price_cents", 877600], ["created_at", "2018-05-25 14:35:58.593666"], ["updated_at", "2018-05-25 14:35:58.593666"]]
  [1m[35m (2.4ms)[0m  [1m[35mCOMMIT[0m
  [1m[35m (0.1ms)[0m  [1m[35mBEGIN[0m
  [1m[35mSQL (0.5ms)[0m  [1m[32mINSERT INTO "transfers" ("description", "category", "price_cents", "created_at", "updated_at") VALUES ($1, $2, $3, $4, $5) RETURNING "id"[0m  [["description", "Saepe repellendus ut. Voluptatem nemo dolor quo."], ["category", 0], ["price_cents", 640000], ["created_at", "2018-05-25 14:35:58.600564"], ["updated_at", "2018-05-25 14:35:58.600564"]]
  [1m[35m (2.3ms)[0m  [1m[35mCOMMIT[0m
  [1m[35m (0.2ms)[0m  [1m[35mBEGIN[0m
  [1m[35mSQL (0.4ms)[0m  [1m[32mINSERT INTO "transfers" ("description", "category", "price_cents", "created_at", "updated_at") VALUES ($1, $2, $3, $4, $5) RETURNING "id"[0m  [["description", "Et molestias sint aut. Vel eum optio ipsum. Vel et odit nihil non beatae quod."], ["category", 0], ["price_cents", 461000], ["created_at", "2018-05-25 14:35:58.606076"], ["updated_at", "2018-05-25 14:35:58.606076"]]
  [1m[35m (2.5ms)[0m  [1m[35mCOMMIT[0m
  [1m[35m (0.2ms)[0m  [1m[35mBEGIN[0m
  [1m[35mSQL (0.4ms)[0m  [1m[32mINSERT INTO "transfers" ("description", "category", "price_cents", "created_at", "updated_at") VALUES ($1, $2, $3, $4, $5) RETURNING "id"[0m  [["description", "Ea quo commodi quo. Enim atque vel unde. Debitis numquam accusamus voluptatibus."], ["category", 1], ["price_cents", 728100], ["created_at", "2018-05-25 14:35:58.611422"], ["updated_at", "2018-05-25 14:35:58.611422"]]
  [1m[35m (2.5ms)[0m  [1m[35mCOMMIT[0m
  [1m[35m (0.2ms)[0m  [1m[35mBEGIN[0m
  [1m[35mSQL (0.5ms)[0m  [1m[32mINSERT INTO "transfers" ("description", "category", "price_cents", "created_at", "updated_at") VALUES ($1, $2, $3, $4, $5) RETURNING "id"[0m  [["description", "Deleniti velit et quis quia impedit. Alias temporibus ut vel aut."], ["category", 1], ["price_cents", 918700], ["created_at", "2018-05-25 14:35:58.617211"], ["updated_at", "2018-05-25 14:35:58.617211"]]
  [1m[35m (2.6ms)[0m  [1m[35mCOMMIT[0m
  [1m[35m (0.2ms)[0m  [1m[35mBEGIN[0m
  [1m[35mSQL (0.4ms)[0m  [1m[32mINSERT INTO "transfers" ("description", "category", "price_cents", "created_at", "updated_at") VALUES ($1, $2, $3, $4, $5) RETURNING "id"[0m  [["description", "Dolorum quo quisquam a quam. Omnis aut dolore animi saepe rem possimus voluptatem."], ["category", 0], ["price_cents", 974200], ["created_at", "2018-05-25 14:35:58.622889"], ["updated_at", "2018-05-25 14:35:58.622889"]]
  [1m[35m (2.9ms)[0m  [1m[35mCOMMIT[0m
  [1m[35m (0.2ms)[0m  [1m[35mBEGIN[0m
  [1m[35mSQL (0.5ms)[0m  [1m[32mINSERT INTO "transfers" ("description", "category", "price_cents", "created_at", "updated_at") VALUES ($1, $2, $3, $4, $5) RETURNING "id"[0m  [["description", "Nostrum rerum enim exercitationem. Sit sunt id asperiores ipsum similique reiciendis. Adipisci omnis nulla tempora pariatur. Enim voluptas explicabo id."], ["category", 0], ["price_cents", 308700], ["created_at", "2018-05-25 14:35:58.629391"], ["updated_at", "2018-05-25 14:35:58.629391"]]
  [1m[35m (2.7ms)[0m  [1m[35mCOMMIT[0m
  [1m[35m (0.2ms)[0m  [1m[35mBEGIN[0m
  [1m[35mSQL (0.5ms)[0m  [1m[32mINSERT INTO "transfers" ("description", "category", "price_cents", "created_at", "updated_at") VALUES ($1, $2, $3, $4, $5) RETURNING "id"[0m  [["description", "Ratione libero voluptatem. Eos veritatis et deleniti sit."], ["category", 0], ["price_cents", 835600], ["created_at", "2018-05-25 14:35:58.635209"], ["updated_at", "2018-05-25 14:35:58.635209"]]
  [1m[35m (2.6ms)[0m  [1m[35mCOMMIT[0m
  [1m[35m (0.2ms)[0m  [1m[35mBEGIN[0m
  [1m[35mSQL (4.6ms)[0m  [1m[32mINSERT INTO "transfers" ("description", "category", "price_cents", "created_at", "updated_at") VALUES ($1, $2, $3, $4, $5) RETURNING "id"[0m  [["description", "Consequatur reprehenderit fugiat enim dolorem natus. Inventore minus consequatur. Maxime iste magnam. Dolor exercitationem voluptas."], ["category", 1], ["price_cents", 892600], ["created_at", "2018-05-25 14:35:58.641378"], ["updated_at", "2018-05-25 14:35:58.641378"]]
  [1m[35m (2.8ms)[0m  [1m[35mCOMMIT[0m
  [1m[35m (0.1ms)[0m  [1m[35mBEGIN[0m
  [1m[35mSQL (0.5ms)[0m  [1m[32mINSERT INTO "transfers" ("description", "category", "price_cents", "created_at", "updated_at") VALUES ($1, $2, $3, $4, $5) RETURNING "id"[0m  [["description", "Et cum quam nesciunt sapiente necessitatibus nisi. Ut veniam commodi est."], ["category", 0], ["price_cents", 380900], ["created_at", "2018-05-25 14:35:58.651900"], ["updated_at", "2018-05-25 14:35:58.651900"]]
  [1m[35m (2.5ms)[0m  [1m[35mCOMMIT[0m
  [1m[35m (0.1ms)[0m  [1m[35mBEGIN[0m
  [1m[35mSQL (0.4ms)[0m  [1m[32mINSERT INTO "transfers" ("description", "category", "price_cents", "created_at", "updated_at") VALUES ($1, $2, $3, $4, $5) RETURNING "id"[0m  [["description", "Non qui sequi ratione cupiditate. Voluptate omnis quo et quaerat aut blanditiis."], ["category", 1], ["price_cents", 642800], ["created_at", "2018-05-25 14:35:58.657821"], ["updated_at", "2018-05-25 14:35:58.657821"]]
  [1m[35m (2.5ms)[0m  [1m[35mCOMMIT[0m
  [1m[35m (0.2ms)[0m  [1m[35mBEGIN[0m
  [1m[35mSQL (0.4ms)[0m  [1m[32mINSERT INTO "transfers" ("description", "category", "price_cents", "created_at", "updated_at") VALUES ($1, $2, $3, $4, $5) RETURNING "id"[0m  [["description", "Provident voluptatibus labore quia vero. Voluptate iusto ut sequi eum sit perferendis autem. Rerum in dicta cum."], ["category", 1], ["price_cents", 295100], ["created_at", "2018-05-25 14:35:58.663495"], ["updated_at", "2018-05-25 14:35:58.663495"]]
  [1m[35m (2.8ms)[0m  [1m[35mCOMMIT[0m
